{"/home/travis/build/npmtest/node-npmtest-lab/test.js":{"path":"/home/travis/build/npmtest/node-npmtest-lab/test.js","s":{"1":2,"2":2,"3":2,"4":2,"5":2,"6":2,"7":2,"8":1,"9":2,"10":2,"11":1,"12":1,"13":1,"14":1,"15":2,"16":2,"17":2,"18":2,"19":1,"20":1,"21":2,"22":2,"23":2,"24":1,"25":1,"26":1,"27":1,"28":1,"29":1,"30":1,"31":1,"32":1,"33":1,"34":1,"35":1,"36":1,"37":1,"38":1,"39":2,"40":2,"41":1,"42":2,"43":2,"44":1,"45":2,"46":2,"47":1,"48":2,"49":2,"50":1,"51":1,"52":1,"53":1,"54":1},"b":{"1":[2,1,1,1],"2":[1,1,1,1],"3":[1,1],"4":[1,1],"5":[1,1],"6":[1,1],"7":[1,1],"8":[1,1],"9":[1,1],"10":[1,1,1],"11":[1,1],"12":[1,1],"13":[1,1],"14":[1,1],"15":[1,1],"16":[1,1],"17":[1,1]},"f":{"1":2,"2":2,"3":2,"4":2,"5":2,"6":1,"7":1,"8":1,"9":2,"10":2,"11":2,"12":2,"13":1},"fnMap":{"1":{"name":"(anonymous_1)","line":12,"loc":{"start":{"line":12,"column":1},"end":{"line":12,"column":13}}},"2":{"name":"(anonymous_2)","line":19,"loc":{"start":{"line":19,"column":5},"end":{"line":19,"column":17}}},"3":{"name":"(anonymous_3)","line":23,"loc":{"start":{"line":23,"column":24},"end":{"line":23,"column":36}}},"4":{"name":"(anonymous_4)","line":61,"loc":{"start":{"line":61,"column":5},"end":{"line":61,"column":17}}},"5":{"name":"(anonymous_5)","line":82,"loc":{"start":{"line":82,"column":5},"end":{"line":82,"column":17}}},"6":{"name":"(anonymous_6)","line":91,"loc":{"start":{"line":91,"column":77},"end":{"line":94,"column":10}}},"7":{"name":"(anonymous_7)","line":112,"loc":{"start":{"line":112,"column":83},"end":{"line":115,"column":10}},"skip":true},"8":{"name":"(anonymous_8)","line":123,"loc":{"start":{"line":123,"column":77},"end":{"line":126,"column":10}},"skip":true},"9":{"name":"(anonymous_9)","line":139,"loc":{"start":{"line":139,"column":12},"end":{"line":139,"column":40}},"skip":true},"10":{"name":"(anonymous_10)","line":147,"loc":{"start":{"line":147,"column":77},"end":{"line":150,"column":10}},"skip":true},"11":{"name":"(anonymous_11)","line":158,"loc":{"start":{"line":158,"column":83},"end":{"line":161,"column":10}},"skip":true},"12":{"name":"(anonymous_12)","line":169,"loc":{"start":{"line":169,"column":79},"end":{"line":172,"column":10}},"skip":true},"13":{"name":"(anonymous_13)","line":180,"loc":{"start":{"line":180,"column":75},"end":{"line":183,"column":10}},"skip":true}},"statementMap":{"1":{"start":{"line":12,"column":0},"end":{"line":195,"column":5}},"2":{"start":{"line":14,"column":4},"end":{"line":14,"column":14}},"3":{"start":{"line":19,"column":4},"end":{"line":56,"column":9}},"4":{"start":{"line":21,"column":8},"end":{"line":21,"column":19}},"5":{"start":{"line":23,"column":8},"end":{"line":35,"column":13}},"6":{"start":{"line":24,"column":12},"end":{"line":34,"column":13}},"7":{"start":{"line":25,"column":16},"end":{"line":28,"column":30}},"8":{"start":{"line":30,"column":16},"end":{"line":33,"column":27}},"9":{"start":{"line":37,"column":8},"end":{"line":39,"column":21}},"10":{"start":{"line":40,"column":8},"end":{"line":53,"column":9}},"11":{"start":{"line":43,"column":12},"end":{"line":46,"column":14}},"12":{"start":{"line":47,"column":12},"end":{"line":47,"column":18}},"13":{"start":{"line":50,"column":12},"end":{"line":51,"column":46}},"14":{"start":{"line":52,"column":12},"end":{"line":52,"column":18}},"15":{"start":{"line":55,"column":8},"end":{"line":55,"column":35}},"16":{"start":{"line":61,"column":4},"end":{"line":63,"column":9}},"17":{"start":{"line":62,"column":8},"end":{"line":62,"column":15}},"18":{"start":{"line":64,"column":4},"end":{"line":77,"column":5}},"19":{"start":{"line":70,"column":8},"end":{"line":70,"column":14}},"20":{"start":{"line":76,"column":8},"end":{"line":76,"column":14}},"21":{"start":{"line":82,"column":4},"end":{"line":84,"column":9}},"22":{"start":{"line":83,"column":8},"end":{"line":83,"column":15}},"23":{"start":{"line":85,"column":4},"end":{"line":194,"column":5}},"24":{"start":{"line":91,"column":8},"end":{"line":99,"column":10}},"25":{"start":{"line":98,"column":12},"end":{"line":98,"column":35}},"26":{"start":{"line":102,"column":8},"end":{"line":104,"column":63}},"27":{"start":{"line":105,"column":8},"end":{"line":105,"column":14}},"28":{"start":{"line":112,"column":8},"end":{"line":121,"column":10},"skip":true},"29":{"start":{"line":119,"column":12},"end":{"line":119,"column":55},"skip":true},"30":{"start":{"line":120,"column":12},"end":{"line":120,"column":48},"skip":true},"31":{"start":{"line":123,"column":8},"end":{"line":136,"column":10},"skip":true},"32":{"start":{"line":130,"column":12},"end":{"line":130,"column":76},"skip":true},"33":{"start":{"line":131,"column":12},"end":{"line":131,"column":73},"skip":true},"34":{"start":{"line":132,"column":12},"end":{"line":132,"column":74},"skip":true},"35":{"start":{"line":133,"column":12},"end":{"line":133,"column":79},"skip":true},"36":{"start":{"line":134,"column":12},"end":{"line":134,"column":25},"skip":true},"37":{"start":{"line":135,"column":12},"end":{"line":135,"column":45},"skip":true},"38":{"start":{"line":138,"column":8},"end":{"line":145,"column":14},"skip":true},"39":{"start":{"line":143,"column":16},"end":{"line":143,"column":29},"skip":true},"40":{"start":{"line":144,"column":16},"end":{"line":144,"column":55},"skip":true},"41":{"start":{"line":147,"column":8},"end":{"line":156,"column":10},"skip":true},"42":{"start":{"line":154,"column":12},"end":{"line":154,"column":25},"skip":true},"43":{"start":{"line":155,"column":12},"end":{"line":155,"column":45},"skip":true},"44":{"start":{"line":158,"column":8},"end":{"line":167,"column":10},"skip":true},"45":{"start":{"line":165,"column":12},"end":{"line":165,"column":25},"skip":true},"46":{"start":{"line":166,"column":12},"end":{"line":166,"column":48},"skip":true},"47":{"start":{"line":169,"column":8},"end":{"line":178,"column":10},"skip":true},"48":{"start":{"line":176,"column":12},"end":{"line":176,"column":25},"skip":true},"49":{"start":{"line":177,"column":12},"end":{"line":177,"column":46},"skip":true},"50":{"start":{"line":180,"column":8},"end":{"line":189,"column":10},"skip":true},"51":{"start":{"line":187,"column":12},"end":{"line":187,"column":94},"skip":true},"52":{"start":{"line":188,"column":12},"end":{"line":188,"column":48},"skip":true},"53":{"start":{"line":192,"column":8},"end":{"line":192,"column":35},"skip":true},"54":{"start":{"line":193,"column":8},"end":{"line":193,"column":14},"skip":true}},"branchMap":{"1":{"line":25,"type":"binary-expr","locations":[{"start":{"line":25,"column":23},"end":{"line":25,"column":62}},{"start":{"line":26,"column":20},"end":{"line":26,"column":70}},{"start":{"line":27,"column":20},"end":{"line":27,"column":71}},{"start":{"line":28,"column":20},"end":{"line":28,"column":29}}]},"2":{"line":30,"type":"binary-expr","locations":[{"start":{"line":30,"column":23},"end":{"line":30,"column":37}},{"start":{"line":31,"column":20},"end":{"line":31,"column":61}},{"start":{"line":32,"column":20},"end":{"line":32,"column":70}},{"start":{"line":33,"column":20},"end":{"line":33,"column":26}}]},"3":{"line":37,"type":"cond-expr","locations":[{"start":{"line":38,"column":14},"end":{"line":38,"column":20}},{"start":{"line":39,"column":14},"end":{"line":39,"column":20}}]},"4":{"line":40,"type":"switch","locations":[{"start":{"line":42,"column":8},"end":{"line":47,"column":18}},{"start":{"line":49,"column":8},"end":{"line":52,"column":18}}]},"5":{"line":44,"type":"binary-expr","locations":[{"start":{"line":44,"column":16},"end":{"line":44,"column":44}},{"start":{"line":44,"column":48},"end":{"line":44,"column":66}}]},"6":{"line":50,"type":"binary-expr","locations":[{"start":{"line":50,"column":21},"end":{"line":50,"column":49}},{"start":{"line":50,"column":53},"end":{"line":50,"column":72}}]},"7":{"line":64,"type":"switch","locations":[{"start":{"line":69,"column":4},"end":{"line":70,"column":14}},{"start":{"line":75,"column":4},"end":{"line":76,"column":14}}]},"8":{"line":85,"type":"switch","locations":[{"start":{"line":90,"column":4},"end":{"line":105,"column":14}},{"start":{"line":111,"column":4},"end":{"line":193,"column":14},"skip":true}]},"9":{"line":91,"type":"binary-expr","locations":[{"start":{"line":91,"column":42},"end":{"line":91,"column":73}},{"start":{"line":91,"column":77},"end":{"line":99,"column":9}}]},"10":{"line":102,"type":"binary-expr","locations":[{"start":{"line":102,"column":18},"end":{"line":102,"column":32}},{"start":{"line":103,"column":12},"end":{"line":103,"column":53}},{"start":{"line":104,"column":12},"end":{"line":104,"column":61}}]},"11":{"line":112,"type":"binary-expr","locations":[{"start":{"line":112,"column":45},"end":{"line":112,"column":79},"skip":true},{"start":{"line":112,"column":83},"end":{"line":121,"column":9},"skip":true}]},"12":{"line":123,"type":"binary-expr","locations":[{"start":{"line":123,"column":42},"end":{"line":123,"column":73},"skip":true},{"start":{"line":123,"column":77},"end":{"line":136,"column":9},"skip":true}]},"13":{"line":138,"type":"binary-expr","locations":[{"start":{"line":138,"column":48},"end":{"line":138,"column":85},"skip":true},{"start":{"line":139,"column":12},"end":{"line":145,"column":13},"skip":true}]},"14":{"line":147,"type":"binary-expr","locations":[{"start":{"line":147,"column":42},"end":{"line":147,"column":73},"skip":true},{"start":{"line":147,"column":77},"end":{"line":156,"column":9},"skip":true}]},"15":{"line":158,"type":"binary-expr","locations":[{"start":{"line":158,"column":45},"end":{"line":158,"column":79},"skip":true},{"start":{"line":158,"column":83},"end":{"line":167,"column":9},"skip":true}]},"16":{"line":169,"type":"binary-expr","locations":[{"start":{"line":169,"column":43},"end":{"line":169,"column":75},"skip":true},{"start":{"line":169,"column":79},"end":{"line":178,"column":9},"skip":true}]},"17":{"line":180,"type":"binary-expr","locations":[{"start":{"line":180,"column":41},"end":{"line":180,"column":71},"skip":true},{"start":{"line":180,"column":75},"end":{"line":189,"column":9},"skip":true}]}},"code":["/* istanbul instrument in package npmtest_lab */","/*jslint","    bitwise: true,","    browser: true,","    maxerr: 8,","    maxlen: 96,","    node: true,","    nomen: true,","    regexp: true,","    stupid: true","*/","(function () {","    'use strict';","    var local;","","","","    // run shared js-env code - pre-init","    (function () {","        // init local","        local = {};","        // init modeJs","        local.modeJs = (function () {","            try {","                return typeof navigator.userAgent === 'string' &&","                    typeof document.querySelector('body') === 'object' &&","                    typeof XMLHttpRequest.prototype.open === 'function' &&","                    'browser';","            } catch (errorCaughtBrowser) {","                return module.exports &&","                    typeof process.versions.node === 'string' &&","                    typeof require('http').createServer === 'function' &&","                    'node';","            }","        }());","        // init global","        local.global = local.modeJs === 'browser'","            ? window","            : global;","        switch (local.modeJs) {","        // re-init local from window.local","        case 'browser':","            local = local.global.utility2.objectSetDefault(","                local.global.utility2_rollup || local.global.local,","                local.global.utility2","            );","            break;","        // re-init local from example.js","        case 'node':","            local = (local.global.utility2_rollup || require('utility2'))","                .requireExampleJsFromReadme();","            break;","        }","        // export local","        local.global.local = local;","    }());","","","","    // run shared js-env code - function","    (function () {","        return;","    }());","    switch (local.modeJs) {","","","","    // run browser js-env code - function","    case 'browser':","        break;","","","","    // run node js-env code - function","    case 'node':","        break;","    }","","","","    // run shared js-env code - post-init","    (function () {","        return;","    }());","    switch (local.modeJs) {","","","","    // run browser js-env code - post-init","    case 'browser':","        local.testCase_browser_nullCase = local.testCase_browser_nullCase || function (","            options,","            onError","        ) {","        /*","         * this function will test browsers's null-case handling-behavior-behavior","         */","            onError(null, options);","        };","","        // run tests","        local.nop(local.modeTest &&","            document.querySelector('#testRunButton1') &&","            document.querySelector('#testRunButton1').click());","        break;","","","","    // run node js-env code - post-init","    /* istanbul ignore next */","    case 'node':","        local.testCase_buildApidoc_default = local.testCase_buildApidoc_default || function (","            options,","            onError","        ) {","        /*","         * this function will test buildApidoc's default handling-behavior-behavior","         */","            options = { modulePathList: module.paths };","            local.buildApidoc(options, onError);","        };","","        local.testCase_buildApp_default = local.testCase_buildApp_default || function (","            options,","            onError","        ) {","        /*","         * this function will test buildApp's default handling-behavior-behavior","         */","            local.testCase_buildReadme_default(options, local.onErrorThrow);","            local.testCase_buildLib_default(options, local.onErrorThrow);","            local.testCase_buildTest_default(options, local.onErrorThrow);","            local.testCase_buildCustomOrg_default(options, local.onErrorThrow);","            options = [];","            local.buildApp(options, onError);","        };","","        local.testCase_buildCustomOrg_default = local.testCase_buildCustomOrg_default ||","            function (options, onError) {","            /*","             * this function will test buildCustomOrg's default handling-behavior","             */","                options = {};","                local.buildCustomOrg(options, onError);","            };","","        local.testCase_buildLib_default = local.testCase_buildLib_default || function (","            options,","            onError","        ) {","        /*","         * this function will test buildLib's default handling-behavior","         */","            options = {};","            local.buildLib(options, onError);","        };","","        local.testCase_buildReadme_default = local.testCase_buildReadme_default || function (","            options,","            onError","        ) {","        /*","         * this function will test buildReadme's default handling-behavior-behavior","         */","            options = {};","            local.buildReadme(options, onError);","        };","","        local.testCase_buildTest_default = local.testCase_buildTest_default || function (","            options,","            onError","        ) {","        /*","         * this function will test buildTest's default handling-behavior","         */","            options = {};","            local.buildTest(options, onError);","        };","","        local.testCase_webpage_default = local.testCase_webpage_default || function (","            options,","            onError","        ) {","        /*","         * this function will test webpage's default handling-behavior","         */","            options = { modeCoverageMerge: true, url: local.serverLocalHost + '?modeTest=1' };","            local.browserTest(options, onError);","        };","","        // run test-server","        local.testRunServer(local);","        break;","    }","}());",""],"l":{"12":2,"14":2,"19":2,"21":2,"23":2,"24":2,"25":2,"30":1,"37":2,"40":2,"43":1,"47":1,"50":1,"52":1,"55":2,"61":2,"62":2,"64":2,"70":1,"76":1,"82":2,"83":2,"85":2,"91":1,"98":1,"102":1,"105":1,"112":1,"119":1,"120":1,"123":1,"130":1,"131":1,"132":1,"133":1,"134":1,"135":1,"138":1,"143":2,"144":2,"147":1,"154":2,"155":2,"158":1,"165":2,"166":2,"169":1,"176":2,"177":2,"180":1,"187":1,"188":1,"192":1,"193":1}},"/home/travis/build/npmtest/node-npmtest-lab/lib.npmtest_lab.js":{"path":"/home/travis/build/npmtest/node-npmtest-lab/lib.npmtest_lab.js","s":{"1":2,"2":2,"3":2,"4":2,"5":2,"6":2,"7":2,"8":1,"9":2,"10":2,"11":2,"12":2,"13":1,"14":1,"15":1,"16":1},"b":{"1":[2,1,1,1],"2":[1,1,1,1],"3":[1,1],"4":[2,2],"5":[1,1]},"f":{"1":2,"2":2,"3":2},"fnMap":{"1":{"name":"(anonymous_1)","line":12,"loc":{"start":{"line":12,"column":1},"end":{"line":12,"column":13}}},"2":{"name":"(anonymous_2)","line":19,"loc":{"start":{"line":19,"column":5},"end":{"line":19,"column":17}}},"3":{"name":"(anonymous_3)","line":23,"loc":{"start":{"line":23,"column":24},"end":{"line":23,"column":36}}}},"statementMap":{"1":{"start":{"line":12,"column":0},"end":{"line":53,"column":5}},"2":{"start":{"line":14,"column":4},"end":{"line":14,"column":14}},"3":{"start":{"line":19,"column":4},"end":{"line":52,"column":9}},"4":{"start":{"line":21,"column":8},"end":{"line":21,"column":19}},"5":{"start":{"line":23,"column":8},"end":{"line":35,"column":13}},"6":{"start":{"line":24,"column":12},"end":{"line":34,"column":13}},"7":{"start":{"line":25,"column":16},"end":{"line":28,"column":30}},"8":{"start":{"line":30,"column":16},"end":{"line":33,"column":27}},"9":{"start":{"line":37,"column":8},"end":{"line":39,"column":21}},"10":{"start":{"line":41,"column":8},"end":{"line":41,"column":54}},"11":{"start":{"line":43,"column":8},"end":{"line":43,"column":48}},"12":{"start":{"line":45,"column":8},"end":{"line":51,"column":9}},"13":{"start":{"line":46,"column":12},"end":{"line":46,"column":54}},"14":{"start":{"line":48,"column":12},"end":{"line":48,"column":35}},"15":{"start":{"line":49,"column":12},"end":{"line":49,"column":49}},"16":{"start":{"line":50,"column":12},"end":{"line":50,"column":43}}},"branchMap":{"1":{"line":25,"type":"binary-expr","locations":[{"start":{"line":25,"column":23},"end":{"line":25,"column":62}},{"start":{"line":26,"column":20},"end":{"line":26,"column":70}},{"start":{"line":27,"column":20},"end":{"line":27,"column":71}},{"start":{"line":28,"column":20},"end":{"line":28,"column":29}}]},"2":{"line":30,"type":"binary-expr","locations":[{"start":{"line":30,"column":23},"end":{"line":30,"column":37}},{"start":{"line":31,"column":20},"end":{"line":31,"column":61}},{"start":{"line":32,"column":20},"end":{"line":32,"column":70}},{"start":{"line":33,"column":20},"end":{"line":33,"column":26}}]},"3":{"line":37,"type":"cond-expr","locations":[{"start":{"line":38,"column":14},"end":{"line":38,"column":20}},{"start":{"line":39,"column":14},"end":{"line":39,"column":20}}]},"4":{"line":41,"type":"binary-expr","locations":[{"start":{"line":41,"column":16},"end":{"line":41,"column":44}},{"start":{"line":41,"column":48},"end":{"line":41,"column":53}}]},"5":{"line":45,"type":"if","locations":[{"start":{"line":45,"column":8},"end":{"line":45,"column":8}},{"start":{"line":45,"column":8},"end":{"line":45,"column":8}}]}},"code":["/* istanbul instrument in package npmtest_lab */","/*jslint","    bitwise: true,","    browser: true,","    maxerr: 8,","    maxlen: 96,","    node: true,","    nomen: true,","    regexp: true,","    stupid: true","*/","(function () {","    'use strict';","    var local;","","","","    // run shared js-env code - pre-init","    (function () {","        // init local","        local = {};","        // init modeJs","        local.modeJs = (function () {","            try {","                return typeof navigator.userAgent === 'string' &&","                    typeof document.querySelector('body') === 'object' &&","                    typeof XMLHttpRequest.prototype.open === 'function' &&","                    'browser';","            } catch (errorCaughtBrowser) {","                return module.exports &&","                    typeof process.versions.node === 'string' &&","                    typeof require('http').createServer === 'function' &&","                    'node';","            }","        }());","        // init global","        local.global = local.modeJs === 'browser'","            ? window","            : global;","        // init utility2_rollup","        local = local.global.utility2_rollup || local;","        // init lib","        local.local = local.npmtest_lab = local;","        // init exports","        if (local.modeJs === 'browser') {","            local.global.utility2_npmtest_lab = local;","        } else {","            module.exports = local;","            module.exports.__dirname = __dirname;","            module.exports.module = module;","        }","    }());","}());",""],"l":{"12":2,"14":2,"19":2,"21":2,"23":2,"24":2,"25":2,"30":1,"37":2,"41":2,"43":2,"45":2,"46":1,"48":1,"49":1,"50":1}},"/home/travis/build/npmtest/node-npmtest-lab/example.js":{"path":"/home/travis/build/npmtest/node-npmtest-lab/example.js","s":{"1":2,"2":2,"3":2,"4":2,"5":2,"6":2,"7":2,"8":1,"9":2,"10":2,"11":2,"12":2,"13":1,"14":2,"15":2,"16":2,"17":2,"18":2,"19":0,"20":2,"21":1,"22":1,"23":1,"24":1,"25":1,"26":0,"27":0,"28":1,"29":1,"30":2,"31":0,"32":0,"33":0,"34":1,"35":2,"36":2,"37":3,"38":3,"39":3,"40":3,"41":0,"42":3,"43":3,"44":3,"45":1,"46":3,"47":1,"48":1,"49":1,"50":1,"51":1,"52":1,"53":1,"54":1,"55":1,"56":1,"57":0,"58":1,"59":6,"60":6,"61":1,"62":2,"63":0,"64":2,"65":1,"66":1,"67":0,"68":0,"69":0,"70":0,"71":0,"72":0,"73":0,"74":0,"75":0,"76":0,"77":0,"78":0,"79":0,"80":0,"81":0,"82":0,"83":0},"b":{"1":[2,1,1,1],"2":[1,1,1,1],"3":[1,1],"4":[2,2],"5":[1,1],"6":[1,1],"7":[2,0],"8":[2,1,1,1,1,1],"9":[0,2,0],"10":[1,1],"11":[2,1,1],"12":[1,0],"13":[0,2],"14":[2,0,0,0,0,0,0],"15":[0,3],"16":[3,0],"17":[1,1],"18":[0,1],"19":[1,2,0,2],"20":[1,0],"21":[1,1],"22":[0,0],"23":[0,0],"24":[0,0],"25":[0,0],"26":[0,0],"27":[0,0],"28":[0,0]},"f":{"1":2,"2":2,"3":2,"4":2,"5":2,"6":2,"7":3,"8":3,"9":3,"10":1,"11":6,"12":0},"fnMap":{"1":{"name":"(anonymous_1)","line":26,"loc":{"start":{"line":26,"column":1},"end":{"line":26,"column":13}}},"2":{"name":"(anonymous_2)","line":33,"loc":{"start":{"line":33,"column":5},"end":{"line":33,"column":17}}},"3":{"name":"(anonymous_3)","line":37,"loc":{"start":{"line":37,"column":24},"end":{"line":37,"column":36}}},"4":{"name":"(anonymous_4)","line":69,"loc":{"start":{"line":69,"column":31},"end":{"line":69,"column":48}},"skip":true},"5":{"name":"(anonymous_5)","line":78,"loc":{"start":{"line":78,"column":26},"end":{"line":78,"column":45}},"skip":true},"6":{"name":"(anonymous_6)","line":123,"loc":{"start":{"line":123,"column":33},"end":{"line":123,"column":48}},"skip":true},"7":{"name":"(anonymous_7)","line":125,"loc":{"start":{"line":125,"column":27},"end":{"line":125,"column":39}},"skip":true},"8":{"name":"(anonymous_8)","line":133,"loc":{"start":{"line":133,"column":59},"end":{"line":133,"column":74}},"skip":true},"9":{"name":"(anonymous_9)","line":143,"loc":{"start":{"line":143,"column":45},"end":{"line":143,"column":62}},"skip":true},"10":{"name":"(anonymous_10)","line":144,"loc":{"start":{"line":144,"column":73},"end":{"line":144,"column":92}},"skip":true},"11":{"name":"(anonymous_11)","line":272,"loc":{"start":{"line":272,"column":51},"end":{"line":272,"column":77}},"skip":true},"12":{"name":"(anonymous_12)","line":315,"loc":{"start":{"line":315,"column":32},"end":{"line":315,"column":61}},"skip":true}},"statementMap":{"1":{"start":{"line":26,"column":0},"end":{"line":326,"column":5}},"2":{"start":{"line":28,"column":4},"end":{"line":28,"column":14}},"3":{"start":{"line":33,"column":4},"end":{"line":60,"column":9}},"4":{"start":{"line":35,"column":8},"end":{"line":35,"column":19}},"5":{"start":{"line":37,"column":8},"end":{"line":49,"column":13}},"6":{"start":{"line":38,"column":12},"end":{"line":48,"column":13}},"7":{"start":{"line":39,"column":16},"end":{"line":42,"column":30}},"8":{"start":{"line":44,"column":16},"end":{"line":47,"column":27}},"9":{"start":{"line":51,"column":8},"end":{"line":53,"column":21}},"10":{"start":{"line":55,"column":8},"end":{"line":57,"column":45}},"11":{"start":{"line":59,"column":8},"end":{"line":59,"column":35}},"12":{"start":{"line":61,"column":4},"end":{"line":325,"column":5}},"13":{"start":{"line":69,"column":8},"end":{"line":121,"column":10},"skip":true},"14":{"start":{"line":70,"column":12},"end":{"line":88,"column":13},"skip":true},"15":{"start":{"line":76,"column":16},"end":{"line":87,"column":19},"skip":true},"16":{"start":{"line":79,"column":20},"end":{"line":86,"column":21},"skip":true},"17":{"start":{"line":82,"column":24},"end":{"line":82,"column":43},"skip":true},"18":{"start":{"line":83,"column":24},"end":{"line":83,"column":30},"skip":true},"19":{"start":{"line":85,"column":24},"end":{"line":85,"column":49},"skip":true},"20":{"start":{"line":89,"column":12},"end":{"line":107,"column":13},"skip":true},"21":{"start":{"line":92,"column":16},"end":{"line":102,"column":17},"skip":true},"22":{"start":{"line":93,"column":20},"end":{"line":93,"column":86},"skip":true},"23":{"start":{"line":94,"column":20},"end":{"line":95,"column":45},"skip":true},"24":{"start":{"line":96,"column":20},"end":{"line":96,"column":42},"skip":true},"25":{"start":{"line":97,"column":20},"end":{"line":97,"column":48},"skip":true},"26":{"start":{"line":100,"column":20},"end":{"line":100,"column":85},"skip":true},"27":{"start":{"line":101,"column":20},"end":{"line":101,"column":96},"skip":true},"28":{"start":{"line":103,"column":16},"end":{"line":103,"column":22},"skip":true},"29":{"start":{"line":106,"column":16},"end":{"line":106,"column":22},"skip":true},"30":{"start":{"line":108,"column":12},"end":{"line":120,"column":13},"skip":true},"31":{"start":{"line":114,"column":16},"end":{"line":119,"column":17},"skip":true},"32":{"start":{"line":116,"column":20},"end":{"line":116,"column":78},"skip":true},"33":{"start":{"line":118,"column":20},"end":{"line":118,"column":47},"skip":true},"34":{"start":{"line":123,"column":8},"end":{"line":141,"column":11},"skip":true},"35":{"start":{"line":124,"column":12},"end":{"line":124,"column":54},"skip":true},"36":{"start":{"line":125,"column":12},"end":{"line":140,"column":14},"skip":true},"37":{"start":{"line":126,"column":16},"end":{"line":126,"column":28},"skip":true},"38":{"start":{"line":127,"column":16},"end":{"line":127,"column":69},"skip":true},"39":{"start":{"line":128,"column":16},"end":{"line":128,"column":75},"skip":true},"40":{"start":{"line":129,"column":16},"end":{"line":131,"column":17},"skip":true},"41":{"start":{"line":130,"column":20},"end":{"line":130,"column":27},"skip":true},"42":{"start":{"line":133,"column":16},"end":{"line":137,"column":36},"skip":true},"43":{"start":{"line":134,"column":20},"end":{"line":136,"column":55},"skip":true},"44":{"start":{"line":139,"column":16},"end":{"line":139,"column":57},"skip":true},"45":{"start":{"line":143,"column":8},"end":{"line":147,"column":11},"skip":true},"46":{"start":{"line":144,"column":12},"end":{"line":146,"column":15},"skip":true},"47":{"start":{"line":145,"column":16},"end":{"line":145,"column":70},"skip":true},"48":{"start":{"line":149,"column":8},"end":{"line":149,"column":31},"skip":true},"49":{"start":{"line":150,"column":8},"end":{"line":150,"column":14},"skip":true},"50":{"start":{"line":158,"column":8},"end":{"line":158,"column":31},"skip":true},"51":{"start":{"line":160,"column":8},"end":{"line":160,"column":33},"skip":true},"52":{"start":{"line":161,"column":8},"end":{"line":161,"column":37},"skip":true},"53":{"start":{"line":162,"column":8},"end":{"line":162,"column":35},"skip":true},"54":{"start":{"line":164,"column":8},"end":{"line":164,"column":50},"skip":true},"55":{"start":{"line":166,"column":8},"end":{"line":256,"column":2},"skip":true},"56":{"start":{"line":258,"column":8},"end":{"line":286,"column":9},"skip":true},"57":{"start":{"line":259,"column":12},"end":{"line":269,"column":14},"skip":true},"58":{"start":{"line":271,"column":12},"end":{"line":285,"column":19},"skip":true},"59":{"start":{"line":274,"column":20},"end":{"line":274,"column":35},"skip":true},"60":{"start":{"line":275,"column":20},"end":{"line":284,"column":21},"skip":true},"61":{"start":{"line":277,"column":24},"end":{"line":277,"column":64},"skip":true},"62":{"start":{"line":279,"column":24},"end":{"line":279,"column":40},"skip":true},"63":{"start":{"line":281,"column":24},"end":{"line":281,"column":40},"skip":true},"64":{"start":{"line":283,"column":24},"end":{"line":283,"column":39},"skip":true},"65":{"start":{"line":288,"column":8},"end":{"line":290,"column":9},"skip":true},"66":{"start":{"line":289,"column":12},"end":{"line":289,"column":18},"skip":true},"67":{"start":{"line":291,"column":8},"end":{"line":293,"column":54},"skip":true},"68":{"start":{"line":296,"column":8},"end":{"line":301,"column":37},"skip":true},"69":{"start":{"line":303,"column":8},"end":{"line":303,"column":82},"skip":true},"70":{"start":{"line":306,"column":8},"end":{"line":308,"column":9},"skip":true},"71":{"start":{"line":307,"column":12},"end":{"line":307,"column":82},"skip":true},"72":{"start":{"line":310,"column":8},"end":{"line":312,"column":9},"skip":true},"73":{"start":{"line":311,"column":12},"end":{"line":311,"column":18},"skip":true},"74":{"start":{"line":313,"column":8},"end":{"line":313,"column":54},"skip":true},"75":{"start":{"line":314,"column":8},"end":{"line":314,"column":69},"skip":true},"76":{"start":{"line":315,"column":8},"end":{"line":323,"column":36},"skip":true},"77":{"start":{"line":316,"column":12},"end":{"line":316,"column":61},"skip":true},"78":{"start":{"line":317,"column":12},"end":{"line":320,"column":13},"skip":true},"79":{"start":{"line":318,"column":16},"end":{"line":318,"column":75},"skip":true},"80":{"start":{"line":319,"column":16},"end":{"line":319,"column":23},"skip":true},"81":{"start":{"line":321,"column":12},"end":{"line":321,"column":38},"skip":true},"82":{"start":{"line":322,"column":12},"end":{"line":322,"column":27},"skip":true},"83":{"start":{"line":324,"column":8},"end":{"line":324,"column":14},"skip":true}},"branchMap":{"1":{"line":39,"type":"binary-expr","locations":[{"start":{"line":39,"column":23},"end":{"line":39,"column":62}},{"start":{"line":40,"column":20},"end":{"line":40,"column":70}},{"start":{"line":41,"column":20},"end":{"line":41,"column":71}},{"start":{"line":42,"column":20},"end":{"line":42,"column":29}}]},"2":{"line":44,"type":"binary-expr","locations":[{"start":{"line":44,"column":23},"end":{"line":44,"column":37}},{"start":{"line":45,"column":20},"end":{"line":45,"column":61}},{"start":{"line":46,"column":20},"end":{"line":46,"column":70}},{"start":{"line":47,"column":20},"end":{"line":47,"column":26}}]},"3":{"line":51,"type":"cond-expr","locations":[{"start":{"line":52,"column":14},"end":{"line":52,"column":20}},{"start":{"line":53,"column":14},"end":{"line":53,"column":20}}]},"4":{"line":55,"type":"binary-expr","locations":[{"start":{"line":55,"column":16},"end":{"line":55,"column":44}},{"start":{"line":55,"column":49},"end":{"line":57,"column":43}}]},"5":{"line":55,"type":"cond-expr","locations":[{"start":{"line":56,"column":14},"end":{"line":56,"column":47}},{"start":{"line":57,"column":14},"end":{"line":57,"column":43}}]},"6":{"line":61,"type":"switch","locations":[{"start":{"line":68,"column":4},"end":{"line":150,"column":14},"skip":true},{"start":{"line":156,"column":4},"end":{"line":324,"column":14},"skip":true}]},"7":{"line":70,"type":"if","locations":[{"start":{"line":70,"column":12},"end":{"line":70,"column":12},"skip":true},{"start":{"line":70,"column":12},"end":{"line":70,"column":12},"skip":true}]},"8":{"line":70,"type":"binary-expr","locations":[{"start":{"line":70,"column":16},"end":{"line":70,"column":22},"skip":true},{"start":{"line":70,"column":27},"end":{"line":70,"column":32},"skip":true},{"start":{"line":71,"column":20},"end":{"line":71,"column":39},"skip":true},{"start":{"line":72,"column":20},"end":{"line":72,"column":49},"skip":true},{"start":{"line":73,"column":20},"end":{"line":73,"column":58},"skip":true},{"start":{"line":74,"column":20},"end":{"line":74,"column":69},"skip":true}]},"9":{"line":79,"type":"switch","locations":[{"start":{"line":80,"column":20},"end":{"line":80,"column":33},"skip":true},{"start":{"line":81,"column":20},"end":{"line":83,"column":30},"skip":true},{"start":{"line":84,"column":20},"end":{"line":85,"column":49},"skip":true}]},"10":{"line":89,"type":"switch","locations":[{"start":{"line":90,"column":12},"end":{"line":103,"column":22},"skip":true},{"start":{"line":105,"column":12},"end":{"line":106,"column":22},"skip":true}]},"11":{"line":89,"type":"binary-expr","locations":[{"start":{"line":89,"column":20},"end":{"line":89,"column":25},"skip":true},{"start":{"line":89,"column":29},"end":{"line":89,"column":48},"skip":true},{"start":{"line":89,"column":52},"end":{"line":89,"column":74},"skip":true}]},"12":{"line":92,"type":"if","locations":[{"start":{"line":92,"column":16},"end":{"line":92,"column":16},"skip":true},{"start":{"line":92,"column":16},"end":{"line":92,"column":16},"skip":true}]},"13":{"line":108,"type":"if","locations":[{"start":{"line":108,"column":12},"end":{"line":108,"column":12},"skip":true},{"start":{"line":108,"column":12},"end":{"line":108,"column":12},"skip":true}]},"14":{"line":108,"type":"binary-expr","locations":[{"start":{"line":108,"column":16},"end":{"line":108,"column":61},"skip":true},{"start":{"line":108,"column":66},"end":{"line":108,"column":72},"skip":true},{"start":{"line":108,"column":77},"end":{"line":108,"column":82},"skip":true},{"start":{"line":109,"column":20},"end":{"line":109,"column":39},"skip":true},{"start":{"line":110,"column":20},"end":{"line":110,"column":49},"skip":true},{"start":{"line":111,"column":20},"end":{"line":111,"column":58},"skip":true},{"start":{"line":112,"column":20},"end":{"line":112,"column":68},"skip":true}]},"15":{"line":129,"type":"if","locations":[{"start":{"line":129,"column":16},"end":{"line":129,"column":16},"skip":true},{"start":{"line":129,"column":16},"end":{"line":129,"column":16},"skip":true}]},"16":{"line":134,"type":"cond-expr","locations":[{"start":{"line":135,"column":26},"end":{"line":135,"column":29},"skip":true},{"start":{"line":136,"column":26},"end":{"line":136,"column":54},"skip":true}]},"17":{"line":164,"type":"binary-expr","locations":[{"start":{"line":164,"column":27},"end":{"line":164,"column":43},"skip":true},{"start":{"line":164,"column":47},"end":{"line":164,"column":49},"skip":true}]},"18":{"line":258,"type":"if","locations":[{"start":{"line":258,"column":8},"end":{"line":258,"column":8},"skip":true},{"start":{"line":258,"column":8},"end":{"line":258,"column":8},"skip":true}]},"19":{"line":275,"type":"switch","locations":[{"start":{"line":276,"column":20},"end":{"line":277,"column":64},"skip":true},{"start":{"line":278,"column":20},"end":{"line":279,"column":40},"skip":true},{"start":{"line":280,"column":20},"end":{"line":281,"column":40},"skip":true},{"start":{"line":282,"column":20},"end":{"line":283,"column":39},"skip":true}]},"20":{"line":288,"type":"if","locations":[{"start":{"line":288,"column":8},"end":{"line":288,"column":8},"skip":true},{"start":{"line":288,"column":8},"end":{"line":288,"column":8},"skip":true}]},"21":{"line":288,"type":"binary-expr","locations":[{"start":{"line":288,"column":12},"end":{"line":288,"column":40},"skip":true},{"start":{"line":288,"column":44},"end":{"line":288,"column":67},"skip":true}]},"22":{"line":292,"type":"binary-expr","locations":[{"start":{"line":292,"column":12},"end":{"line":292,"column":50},"skip":true},{"start":{"line":293,"column":12},"end":{"line":293,"column":53},"skip":true}]},"23":{"line":297,"type":"binary-expr","locations":[{"start":{"line":297,"column":12},"end":{"line":297,"column":61},"skip":true},{"start":{"line":298,"column":12},"end":{"line":301,"column":36},"skip":true}]},"24":{"line":303,"type":"binary-expr","locations":[{"start":{"line":303,"column":43},"end":{"line":303,"column":75},"skip":true},{"start":{"line":303,"column":79},"end":{"line":303,"column":81},"skip":true}]},"25":{"line":306,"type":"if","locations":[{"start":{"line":306,"column":8},"end":{"line":306,"column":8},"skip":true},{"start":{"line":306,"column":8},"end":{"line":306,"column":8},"skip":true}]},"26":{"line":310,"type":"if","locations":[{"start":{"line":310,"column":8},"end":{"line":310,"column":8},"skip":true},{"start":{"line":310,"column":8},"end":{"line":310,"column":8},"skip":true}]},"27":{"line":313,"type":"binary-expr","locations":[{"start":{"line":313,"column":27},"end":{"line":313,"column":43},"skip":true},{"start":{"line":313,"column":47},"end":{"line":313,"column":53},"skip":true}]},"28":{"line":317,"type":"if","locations":[{"start":{"line":317,"column":12},"end":{"line":317,"column":12},"skip":true},{"start":{"line":317,"column":12},"end":{"line":317,"column":12},"skip":true}]}},"code":["/*","example.js","","quickstart example","","instruction","    1. save this script as example.js","    2. run the shell command:","        $ npm install npmtest-lab && PORT=8081 node example.js","    3. play with the browser-demo on http://127.0.0.1:8081","*/","","","","/* istanbul instrument in package npmtest_lab */","/*jslint","    bitwise: true,","    browser: true,","    maxerr: 8,","    maxlen: 96,","    node: true,","    nomen: true,","    regexp: true,","    stupid: true","*/","(function () {","    'use strict';","    var local;","","","","    // run shared js-env code - pre-init","    (function () {","        // init local","        local = {};","        // init modeJs","        local.modeJs = (function () {","            try {","                return typeof navigator.userAgent === 'string' &&","                    typeof document.querySelector('body') === 'object' &&","                    typeof XMLHttpRequest.prototype.open === 'function' &&","                    'browser';","            } catch (errorCaughtBrowser) {","                return module.exports &&","                    typeof process.versions.node === 'string' &&","                    typeof require('http').createServer === 'function' &&","                    'node';","            }","        }());","        // init global","        local.global = local.modeJs === 'browser'","            ? window","            : global;","        // init utility2_rollup","        local = local.global.utility2_rollup || (local.modeJs === 'browser'","            ? local.global.utility2_npmtest_lab","            : global.utility2_moduleExports);","        // export local","        local.global.local = local;","    }());","    switch (local.modeJs) {","","","","    // post-init","    // run browser js-env code - post-init","    /* istanbul ignore next */","    case 'browser':","        local.testRunBrowser = function (event) {","            if (!event || (event &&","                    event.currentTarget &&","                    event.currentTarget.className &&","                    event.currentTarget.className.includes &&","                    event.currentTarget.className.includes('onreset'))) {","                // reset output","                Array.from(","                    document.querySelectorAll('body > .resettable')","                ).forEach(function (element) {","                    switch (element.tagName) {","                    case 'INPUT':","                    case 'TEXTAREA':","                        element.value = '';","                        break;","                    default:","                        element.textContent = '';","                    }","                });","            }","            switch (event && event.currentTarget && event.currentTarget.id) {","            case 'testRunButton1':","                // show tests","                if (document.querySelector('#testReportDiv1').style.display === 'none') {","                    document.querySelector('#testReportDiv1').style.display = 'block';","                    document.querySelector('#testRunButton1').textContent =","                        'hide internal test';","                    local.modeTest = true;","                    local.testRunDefault(local);","                // hide tests","                } else {","                    document.querySelector('#testReportDiv1').style.display = 'none';","                    document.querySelector('#testRunButton1').textContent = 'run internal test';","                }","                break;","            // custom-case","            default:","                break;","            }","            if (document.querySelector('#inputTextareaEval1') && (!event || (event &&","                    event.currentTarget &&","                    event.currentTarget.className &&","                    event.currentTarget.className.includes &&","                    event.currentTarget.className.includes('oneval')))) {","                // try to eval input-code","                try {","                    /*jslint evil: true*/","                    eval(document.querySelector('#inputTextareaEval1').value);","                } catch (errorCaught) {","                    console.error(errorCaught);","                }","            }","        };","        // log stderr and stdout to #outputTextareaStdout1","        ['error', 'log'].forEach(function (key) {","            console[key + '_original'] = console[key];","            console[key] = function () {","                var element;","                console[key + '_original'].apply(console, arguments);","                element = document.querySelector('#outputTextareaStdout1');","                if (!element) {","                    return;","                }","                // append text to #outputTextareaStdout1","                element.value += Array.from(arguments).map(function (arg) {","                    return typeof arg === 'string'","                        ? arg","                        : JSON.stringify(arg, null, 4);","                }).join(' ') + '\\n';","                // scroll textarea to bottom","                element.scrollTop = element.scrollHeight;","            };","        });","        // init event-handling","        ['change', 'click', 'keyup'].forEach(function (event) {","            Array.from(document.querySelectorAll('.on' + event)).forEach(function (element) {","                element.addEventListener(event, local.testRunBrowser);","            });","        });","        // run tests","        local.testRunBrowser();","        break;","","","","    // run node js-env code - post-init","    /* istanbul ignore next */","    case 'node':","        // export local","        module.exports = local;","        // require modules","        local.fs = require('fs');","        local.http = require('http');","        local.url = require('url');","        // init assets","        local.assetsDict = local.assetsDict || {};","        /* jslint-ignore-begin */","        local.assetsDict['/assets.index.template.html'] = '\\","<!doctype html>\\n\\","<html lang=\"en\">\\n\\","<head>\\n\\","<meta charset=\"UTF-8\">\\n\\","<meta name=\"viewport\" content=\"width=device-width, initial-scale=1\">\\n\\","<title>{{env.npm_package_name}} (v{{env.npm_package_version}})</title>\\n\\","<style>\\n\\","/*csslint\\n\\","    box-sizing: false,\\n\\","    universal-selector: false\\n\\","*/\\n\\","* {\\n\\","    box-sizing: border-box;\\n\\","}\\n\\","body {\\n\\","    background: #dde;\\n\\","    font-family: Arial, Helvetica, sans-serif;\\n\\","    margin: 2rem;\\n\\","}\\n\\","body > * {\\n\\","    margin-bottom: 1rem;\\n\\","}\\n\\",".utility2FooterDiv {\\n\\","    margin-top: 20px;\\n\\","    text-align: center;\\n\\","}\\n\\","</style>\\n\\","<style>\\n\\","/*csslint\\n\\","*/\\n\\","textarea {\\n\\","    font-family: monospace;\\n\\","    height: 10rem;\\n\\","    width: 100%;\\n\\","}\\n\\","textarea[readonly] {\\n\\","    background: #ddd;\\n\\","}\\n\\","</style>\\n\\","</head>\\n\\","<body>\\n\\","<!-- utility2-comment\\n\\","<div id=\"ajaxProgressDiv1\" style=\"background: #d00; height: 2px; left: 0; margin: 0; padding: 0; position: fixed; top: 0; transition: background 0.5s, width 1.5s; width: 25%;\"></div>\\n\\","utility2-comment -->\\n\\","<h1>\\n\\","<!-- utility2-comment\\n\\","    <a\\n\\","        {{#if env.npm_package_homepage}}\\n\\","        href=\"{{env.npm_package_homepage}}\"\\n\\","        {{/if env.npm_package_homepage}}\\n\\","        target=\"_blank\"\\n\\","    >\\n\\","utility2-comment -->\\n\\","        {{env.npm_package_name}} (v{{env.npm_package_version}})\\n\\","<!-- utility2-comment\\n\\","    </a>\\n\\","utility2-comment -->\\n\\","</h1>\\n\\","<h3>{{env.npm_package_description}}</h3>\\n\\","<!-- utility2-comment\\n\\","<h4><a download href=\"assets.app.js\">download standalone app</a></h4>\\n\\","<button class=\"onclick onreset\" id=\"testRunButton1\">run internal test</button><br>\\n\\","<div id=\"testReportDiv1\" style=\"display: none;\"></div>\\n\\","utility2-comment -->\\n\\","\\n\\","\\n\\","\\n\\","<label>stderr and stdout</label>\\n\\","<textarea class=\"resettable\" id=\"outputTextareaStdout1\" readonly></textarea>\\n\\","<!-- utility2-comment\\n\\","{{#if isRollup}}\\n\\","<script src=\"assets.app.js\"></script>\\n\\","{{#unless isRollup}}\\n\\","utility2-comment -->\\n\\","<script src=\"assets.utility2.rollup.js\"></script>\\n\\","<script src=\"jsonp.utility2._stateInit?callback=window.utility2._stateInit\"></script>\\n\\","<script src=\"assets.npmtest_lab.rollup.js\"></script>\\n\\","<script src=\"assets.example.js\"></script>\\n\\","<script src=\"assets.test.js\"></script>\\n\\","<!-- utility2-comment\\n\\","{{/if isRollup}}\\n\\","utility2-comment -->\\n\\","<div class=\"utility2FooterDiv\">\\n\\","    [ this app was created with\\n\\","    <a href=\"https://github.com/kaizhu256/node-utility2\" target=\"_blank\">utility2</a>\\n\\","    ]\\n\\","</div>\\n\\","</body>\\n\\","</html>\\n\\","';","        /* jslint-ignore-end */","        if (local.templateRender) {","            local.assetsDict['/'] = local.templateRender(","                local.assetsDict['/assets.index.template.html'],","                {","                    env: local.objectSetDefault(local.env, {","                        npm_package_description: 'the greatest app in the world!',","                        npm_package_name: 'my-app',","                        npm_package_nameAlias: 'my_app',","                        npm_package_version: '0.0.1'","                    })","                }","            );","        } else {","            local.assetsDict['/'] = local.assetsDict['/assets.index.template.html']","                .replace((/\\{\\{env\\.(\\w+?)\\}\\}/g), function (match0, match1) {","                    // jslint-hack","                    String(match0);","                    switch (match1) {","                    case 'npm_package_description':","                        return 'the greatest app in the world!';","                    case 'npm_package_name':","                        return 'my-app';","                    case 'npm_package_nameAlias':","                        return 'my_app';","                    case 'npm_package_version':","                        return '0.0.1';","                    }","                });","        }","        // run the cli","        if (local.global.utility2_rollup || module !== require.main) {","            break;","        }","        local.assetsDict['/assets.example.js'] =","            local.assetsDict['/assets.example.js'] ||","            local.fs.readFileSync(__filename, 'utf8');","        // bug-workaround - long $npm_package_buildCustomOrg","        /* jslint-ignore-begin */","        local.assetsDict['/assets.npmtest_lab.rollup.js'] =","            local.assetsDict['/assets.npmtest_lab.rollup.js'] ||","            local.fs.readFileSync(","                local.npmtest_lab.__dirname + '/lib.npmtest_lab.js',","                'utf8'","            ).replace((/^#!/), '//');","        /* jslint-ignore-end */","        local.assetsDict['/favicon.ico'] = local.assetsDict['/favicon.ico'] || '';","        // if $npm_config_timeout_exit exists,","        // then exit this process after $npm_config_timeout_exit ms","        if (Number(process.env.npm_config_timeout_exit)) {","            setTimeout(process.exit, Number(process.env.npm_config_timeout_exit));","        }","        // start server","        if (local.global.utility2_serverHttp1) {","            break;","        }","        process.env.PORT = process.env.PORT || '8081';","        console.error('server starting on port ' + process.env.PORT);","        local.http.createServer(function (request, response) {","            request.urlParsed = local.url.parse(request.url);","            if (local.assetsDict[request.urlParsed.pathname] !== undefined) {","                response.end(local.assetsDict[request.urlParsed.pathname]);","                return;","            }","            response.statusCode = 404;","            response.end();","        }).listen(process.env.PORT);","        break;","    }","}());",""],"l":{"26":2,"28":2,"33":2,"35":2,"37":2,"38":2,"39":2,"44":1,"51":2,"55":2,"59":2,"61":2,"69":1,"70":2,"76":2,"79":2,"82":2,"83":2,"85":1,"89":2,"92":1,"93":1,"94":1,"96":1,"97":1,"100":1,"101":1,"103":1,"106":1,"108":2,"114":1,"116":1,"118":1,"123":1,"124":2,"125":2,"126":3,"127":3,"128":3,"129":3,"130":1,"133":3,"134":3,"139":3,"143":1,"144":3,"145":1,"149":1,"150":1,"158":1,"160":1,"161":1,"162":1,"164":1,"166":1,"258":1,"259":1,"271":1,"274":6,"275":6,"277":1,"279":2,"281":1,"283":2,"288":1,"289":1,"291":1,"296":1,"303":1,"306":1,"307":1,"310":1,"311":1,"313":1,"314":1,"315":1,"316":1,"317":1,"318":1,"319":1,"321":1,"322":1,"324":1}},"/home/travis/build/npmtest/node-npmtest-lab/node_modules/lab/lib/index.js":{"path":"/home/travis/build/npmtest/node-npmtest-lab/node_modules/lab/lib/index.js","s":{"1":1,"2":1,"3":1,"4":1,"5":1,"6":1,"7":1,"8":1,"9":1,"10":1,"11":1,"12":1,"13":0,"14":0,"15":0,"16":0,"17":0,"18":0,"19":0,"20":0,"21":0,"22":0,"23":0,"24":0,"25":0,"26":0,"27":0,"28":0,"29":0,"30":0,"31":0,"32":0,"33":0,"34":0,"35":0,"36":1,"37":0,"38":0,"39":0,"40":0,"41":0,"42":0,"43":0,"44":0,"45":0,"46":0,"47":0,"48":0,"49":0,"50":0,"51":1,"52":0,"53":0,"54":0,"55":0,"56":0,"57":0,"58":1,"59":0,"60":0,"61":0,"62":0,"63":0,"64":0,"65":1,"66":0,"67":0,"68":0,"69":0,"70":0,"71":0,"72":1,"73":0,"74":0,"75":0,"76":0,"77":0,"78":0,"79":1,"80":0,"81":0,"82":0,"83":0,"84":0,"85":0,"86":0,"87":1,"88":0,"89":0,"90":0,"91":0,"92":1,"93":0,"94":0,"95":0,"96":0},"b":{"1":[0,0],"2":[0,0],"3":[0,0],"4":[0,0],"5":[0,0],"6":[0,0],"7":[0,0],"8":[0,0],"9":[0,0],"10":[0,0],"11":[0,0],"12":[0,0],"13":[0,0],"14":[0,0],"15":[0,0],"16":[0,0],"17":[0,0],"18":[0,0],"19":[0,0],"20":[0,0],"21":[0,0],"22":[0,0],"23":[0,0],"24":[0,0],"25":[0,0]},"f":{"1":0,"2":0,"3":0,"4":0,"5":0,"6":0,"7":0,"8":0,"9":0,"10":0,"11":0,"12":0},"fnMap":{"1":{"name":"(anonymous_1)","line":43,"loc":{"start":{"line":43,"column":17},"end":{"line":43,"column":36}}},"2":{"name":"(anonymous_2)","line":62,"loc":{"start":{"line":62,"column":17},"end":{"line":62,"column":51}}},"3":{"name":"(anonymous_3)","line":99,"loc":{"start":{"line":99,"column":23},"end":{"line":99,"column":59}}},"4":{"name":"(anonymous_4)","line":133,"loc":{"start":{"line":133,"column":19},"end":{"line":133,"column":48}}},"5":{"name":"(anonymous_5)","line":151,"loc":{"start":{"line":151,"column":18},"end":{"line":151,"column":47}}},"6":{"name":"(anonymous_6)","line":169,"loc":{"start":{"line":169,"column":23},"end":{"line":169,"column":52}}},"7":{"name":"(anonymous_7)","line":187,"loc":{"start":{"line":187,"column":22},"end":{"line":187,"column":51}}},"8":{"name":"(anonymous_8)","line":205,"loc":{"start":{"line":205,"column":17},"end":{"line":205,"column":53}}},"9":{"name":"(anonymous_9)","line":228,"loc":{"start":{"line":228,"column":17},"end":{"line":228,"column":41}}},"10":{"name":"(anonymous_10)","line":230,"loc":{"start":{"line":230,"column":11},"end":{"line":230,"column":47}}},"11":{"name":"(anonymous_11)","line":240,"loc":{"start":{"line":240,"column":17},"end":{"line":240,"column":41}}},"12":{"name":"(anonymous_12)","line":242,"loc":{"start":{"line":242,"column":11},"end":{"line":242,"column":47}}}},"statementMap":{"1":{"start":{"line":5,"column":0},"end":{"line":5,"column":29}},"2":{"start":{"line":6,"column":0},"end":{"line":6,"column":39}},"3":{"start":{"line":7,"column":0},"end":{"line":7,"column":33}},"4":{"start":{"line":8,"column":0},"end":{"line":8,"column":35}},"5":{"start":{"line":9,"column":0},"end":{"line":9,"column":33}},"6":{"start":{"line":14,"column":0},"end":{"line":14,"column":21}},"7":{"start":{"line":19,"column":0},"end":{"line":19,"column":31}},"8":{"start":{"line":20,"column":0},"end":{"line":20,"column":33}},"9":{"start":{"line":21,"column":0},"end":{"line":21,"column":28}},"10":{"start":{"line":22,"column":0},"end":{"line":22,"column":22}},"11":{"start":{"line":23,"column":0},"end":{"line":23,"column":26}},"12":{"start":{"line":43,"column":0},"end":{"line":96,"column":2}},"13":{"start":{"line":45,"column":4},"end":{"line":45,"column":28}},"14":{"start":{"line":47,"column":4},"end":{"line":47,"column":32}},"15":{"start":{"line":49,"column":4},"end":{"line":66,"column":6}},"16":{"start":{"line":64,"column":12},"end":{"line":64,"column":61}},"17":{"start":{"line":68,"column":4},"end":{"line":68,"column":35}},"18":{"start":{"line":70,"column":4},"end":{"line":70,"column":58}},"19":{"start":{"line":71,"column":4},"end":{"line":71,"column":66}},"20":{"start":{"line":72,"column":4},"end":{"line":72,"column":66}},"21":{"start":{"line":73,"column":4},"end":{"line":73,"column":40}},"22":{"start":{"line":74,"column":4},"end":{"line":74,"column":37}},"23":{"start":{"line":76,"column":4},"end":{"line":76,"column":46}},"24":{"start":{"line":77,"column":4},"end":{"line":77,"column":54}},"25":{"start":{"line":78,"column":4},"end":{"line":78,"column":54}},"26":{"start":{"line":79,"column":4},"end":{"line":79,"column":28}},"27":{"start":{"line":81,"column":4},"end":{"line":81,"column":50}},"28":{"start":{"line":82,"column":4},"end":{"line":82,"column":58}},"29":{"start":{"line":83,"column":4},"end":{"line":83,"column":48}},"30":{"start":{"line":84,"column":4},"end":{"line":84,"column":56}},"31":{"start":{"line":86,"column":4},"end":{"line":93,"column":5}},"32":{"start":{"line":87,"column":8},"end":{"line":92,"column":11}},"33":{"start":{"line":89,"column":12},"end":{"line":91,"column":13}},"34":{"start":{"line":90,"column":16},"end":{"line":90,"column":47}},"35":{"start":{"line":95,"column":4},"end":{"line":95,"column":18}},"36":{"start":{"line":99,"column":0},"end":{"line":130,"column":2}},"37":{"start":{"line":101,"column":4},"end":{"line":101,"column":63}},"38":{"start":{"line":102,"column":4},"end":{"line":102,"column":68}},"39":{"start":{"line":104,"column":4},"end":{"line":104,"column":82}},"40":{"start":{"line":106,"column":4},"end":{"line":112,"column":6}},"41":{"start":{"line":114,"column":4},"end":{"line":114,"column":42}},"42":{"start":{"line":115,"column":4},"end":{"line":115,"column":26}},"43":{"start":{"line":117,"column":4},"end":{"line":117,"column":29}},"44":{"start":{"line":118,"column":4},"end":{"line":118,"column":39}},"45":{"start":{"line":120,"column":4},"end":{"line":122,"column":5}},"46":{"start":{"line":121,"column":8},"end":{"line":121,"column":46}},"47":{"start":{"line":124,"column":4},"end":{"line":124,"column":18}},"48":{"start":{"line":126,"column":4},"end":{"line":126,"column":23}},"49":{"start":{"line":127,"column":4},"end":{"line":127,"column":39}},"50":{"start":{"line":129,"column":4},"end":{"line":129,"column":33}},"51":{"start":{"line":133,"column":0},"end":{"line":148,"column":2}},"52":{"start":{"line":135,"column":4},"end":{"line":135,"column":63}},"53":{"start":{"line":136,"column":4},"end":{"line":136,"column":52}},"54":{"start":{"line":138,"column":4},"end":{"line":138,"column":87}},"55":{"start":{"line":140,"column":4},"end":{"line":144,"column":6}},"56":{"start":{"line":146,"column":4},"end":{"line":146,"column":56}},"57":{"start":{"line":147,"column":4},"end":{"line":147,"column":39}},"58":{"start":{"line":151,"column":0},"end":{"line":166,"column":2}},"59":{"start":{"line":153,"column":4},"end":{"line":153,"column":63}},"60":{"start":{"line":154,"column":4},"end":{"line":154,"column":52}},"61":{"start":{"line":156,"column":4},"end":{"line":156,"column":86}},"62":{"start":{"line":158,"column":4},"end":{"line":162,"column":6}},"63":{"start":{"line":164,"column":4},"end":{"line":164,"column":54}},"64":{"start":{"line":165,"column":4},"end":{"line":165,"column":37}},"65":{"start":{"line":169,"column":0},"end":{"line":184,"column":2}},"66":{"start":{"line":171,"column":4},"end":{"line":171,"column":63}},"67":{"start":{"line":172,"column":4},"end":{"line":172,"column":52}},"68":{"start":{"line":174,"column":4},"end":{"line":174,"column":91}},"69":{"start":{"line":176,"column":4},"end":{"line":180,"column":6}},"70":{"start":{"line":182,"column":4},"end":{"line":182,"column":66}},"71":{"start":{"line":183,"column":4},"end":{"line":183,"column":48}},"72":{"start":{"line":187,"column":0},"end":{"line":202,"column":2}},"73":{"start":{"line":189,"column":4},"end":{"line":189,"column":63}},"74":{"start":{"line":190,"column":4},"end":{"line":190,"column":52}},"75":{"start":{"line":192,"column":4},"end":{"line":192,"column":90}},"76":{"start":{"line":194,"column":4},"end":{"line":198,"column":6}},"77":{"start":{"line":200,"column":4},"end":{"line":200,"column":64}},"78":{"start":{"line":201,"column":4},"end":{"line":201,"column":46}},"79":{"start":{"line":205,"column":0},"end":{"line":225,"column":2}},"80":{"start":{"line":207,"column":4},"end":{"line":207,"column":63}},"81":{"start":{"line":208,"column":4},"end":{"line":208,"column":68}},"82":{"start":{"line":210,"column":4},"end":{"line":210,"column":82}},"83":{"start":{"line":212,"column":4},"end":{"line":218,"column":6}},"84":{"start":{"line":220,"column":4},"end":{"line":222,"column":5}},"85":{"start":{"line":221,"column":8},"end":{"line":221,"column":54}},"86":{"start":{"line":224,"column":4},"end":{"line":224,"column":35}},"87":{"start":{"line":228,"column":0},"end":{"line":237,"column":2}},"88":{"start":{"line":230,"column":4},"end":{"line":236,"column":6}},"89":{"start":{"line":232,"column":8},"end":{"line":232,"column":67}},"90":{"start":{"line":233,"column":8},"end":{"line":233,"column":72}},"91":{"start":{"line":235,"column":8},"end":{"line":235,"column":77}},"92":{"start":{"line":240,"column":0},"end":{"line":249,"column":2}},"93":{"start":{"line":242,"column":4},"end":{"line":248,"column":6}},"94":{"start":{"line":244,"column":8},"end":{"line":244,"column":67}},"95":{"start":{"line":245,"column":8},"end":{"line":245,"column":72}},"96":{"start":{"line":247,"column":8},"end":{"line":247,"column":77}}},"branchMap":{"1":{"line":45,"type":"binary-expr","locations":[{"start":{"line":45,"column":14},"end":{"line":45,"column":21}},{"start":{"line":45,"column":25},"end":{"line":45,"column":27}}]},"2":{"line":86,"type":"if","locations":[{"start":{"line":86,"column":4},"end":{"line":86,"column":4}},{"start":{"line":86,"column":4},"end":{"line":86,"column":4}}]},"3":{"line":89,"type":"if","locations":[{"start":{"line":89,"column":12},"end":{"line":89,"column":12}},{"start":{"line":89,"column":12},"end":{"line":89,"column":12}}]},"4":{"line":101,"type":"cond-expr","locations":[{"start":{"line":101,"column":45},"end":{"line":101,"column":57}},{"start":{"line":101,"column":60},"end":{"line":101,"column":62}}]},"5":{"line":102,"type":"cond-expr","locations":[{"start":{"line":102,"column":40},"end":{"line":102,"column":52}},{"start":{"line":102,"column":55},"end":{"line":102,"column":67}}]},"6":{"line":120,"type":"if","locations":[{"start":{"line":120,"column":4},"end":{"line":120,"column":4}},{"start":{"line":120,"column":4},"end":{"line":120,"column":4}}]},"7":{"line":135,"type":"cond-expr","locations":[{"start":{"line":135,"column":45},"end":{"line":135,"column":57}},{"start":{"line":135,"column":60},"end":{"line":135,"column":62}}]},"8":{"line":136,"type":"cond-expr","locations":[{"start":{"line":136,"column":34},"end":{"line":136,"column":46}},{"start":{"line":136,"column":49},"end":{"line":136,"column":51}}]},"9":{"line":146,"type":"binary-expr","locations":[{"start":{"line":146,"column":28},"end":{"line":146,"column":49}},{"start":{"line":146,"column":53},"end":{"line":146,"column":55}}]},"10":{"line":153,"type":"cond-expr","locations":[{"start":{"line":153,"column":45},"end":{"line":153,"column":57}},{"start":{"line":153,"column":60},"end":{"line":153,"column":62}}]},"11":{"line":154,"type":"cond-expr","locations":[{"start":{"line":154,"column":34},"end":{"line":154,"column":46}},{"start":{"line":154,"column":49},"end":{"line":154,"column":51}}]},"12":{"line":164,"type":"binary-expr","locations":[{"start":{"line":164,"column":27},"end":{"line":164,"column":47}},{"start":{"line":164,"column":51},"end":{"line":164,"column":53}}]},"13":{"line":171,"type":"cond-expr","locations":[{"start":{"line":171,"column":45},"end":{"line":171,"column":57}},{"start":{"line":171,"column":60},"end":{"line":171,"column":62}}]},"14":{"line":172,"type":"cond-expr","locations":[{"start":{"line":172,"column":34},"end":{"line":172,"column":46}},{"start":{"line":172,"column":49},"end":{"line":172,"column":51}}]},"15":{"line":182,"type":"binary-expr","locations":[{"start":{"line":182,"column":33},"end":{"line":182,"column":59}},{"start":{"line":182,"column":63},"end":{"line":182,"column":65}}]},"16":{"line":189,"type":"cond-expr","locations":[{"start":{"line":189,"column":45},"end":{"line":189,"column":57}},{"start":{"line":189,"column":60},"end":{"line":189,"column":62}}]},"17":{"line":190,"type":"cond-expr","locations":[{"start":{"line":190,"column":34},"end":{"line":190,"column":46}},{"start":{"line":190,"column":49},"end":{"line":190,"column":51}}]},"18":{"line":200,"type":"binary-expr","locations":[{"start":{"line":200,"column":32},"end":{"line":200,"column":57}},{"start":{"line":200,"column":61},"end":{"line":200,"column":63}}]},"19":{"line":207,"type":"cond-expr","locations":[{"start":{"line":207,"column":45},"end":{"line":207,"column":57}},{"start":{"line":207,"column":60},"end":{"line":207,"column":62}}]},"20":{"line":208,"type":"cond-expr","locations":[{"start":{"line":208,"column":40},"end":{"line":208,"column":52}},{"start":{"line":208,"column":55},"end":{"line":208,"column":67}}]},"21":{"line":220,"type":"if","locations":[{"start":{"line":220,"column":4},"end":{"line":220,"column":4}},{"start":{"line":220,"column":4},"end":{"line":220,"column":4}}]},"22":{"line":232,"type":"cond-expr","locations":[{"start":{"line":232,"column":49},"end":{"line":232,"column":61}},{"start":{"line":232,"column":64},"end":{"line":232,"column":66}}]},"23":{"line":233,"type":"cond-expr","locations":[{"start":{"line":233,"column":44},"end":{"line":233,"column":56}},{"start":{"line":233,"column":59},"end":{"line":233,"column":71}}]},"24":{"line":244,"type":"cond-expr","locations":[{"start":{"line":244,"column":49},"end":{"line":244,"column":61}},{"start":{"line":244,"column":64},"end":{"line":244,"column":66}}]},"25":{"line":245,"type":"cond-expr","locations":[{"start":{"line":245,"column":44},"end":{"line":245,"column":56}},{"start":{"line":245,"column":59},"end":{"line":245,"column":71}}]}},"code":["'use strict';","","// Load modules","","const Hoek = require('hoek');","const Coverage = require('./coverage');","const Leaks = require('./leaks');","const Runner = require('./runner');","const Utils = require('./utils');","","","// Declare internals","","const internals = {};","","","// Exports","","exports.report = Runner.report;","exports.execute = Runner.execute;","exports.coverage = Coverage;","exports.leaks = Leaks;","exports.assertions = null;                                              // Set by the -a command line option","","","/*","    experiment('Utilities', () => {","","        experiment('#isEven()', () => {","","            test('returns true on even values', (done) => {","","            });","","            test('returns false on odd values', (done) => {","","            });","        });","    });"," */","","","exports.script = function (options) {","","    options = options || {};","","    global._labScriptRun = true;                                        // Compared by CLI to detect missing exports.lab","","    const script = {","        _current: {","            experiments: [],","            tests: [],","            options: {},","            title: 'script'","        },","        _titles: [],","        _path: [],","        _count: 0,","        _executed: false,","        _onlyNodes: [],","        _cli: options.cli,","        setOnly: function (experiment, test, path) {","","            this._onlyNodes.push({ experiment, test, path });","        }","    };","","    script._root = script._current;","","    script.experiment = internals.experiment.bind(script);","    script.experiment.skip = internals.skip(script, 'experiment');","    script.experiment.only = internals.only(script, 'experiment');","    script.describe = script.experiment;","    script.suite = script.experiment;","","    script.test = internals.test.bind(script);","    script.test.skip = internals.skip(script, 'test');","    script.test.only = internals.only(script, 'test');","    script.it = script.test;","","    script.before = internals.before.bind(script);","    script.beforeEach = internals.beforeEach.bind(script);","    script.after = internals.after.bind(script);","    script.afterEach = internals.afterEach.bind(script);","","    if (options.schedule !== false) {                   // Defaults to true","        setImmediate(() => {","","            if (!script._executed) {","                Runner.report(script, options);         // Schedule automatic execution when used without the CLI","            }","        });","    }","","    return script;","};","","","internals.experiment = function (title /*, options, fn */) {","","    const options = arguments.length === 3 ? arguments[1] : {};","    const fn = arguments.length === 3 ? arguments[2] : arguments[1];","","    const settings = Utils.mergeOptions(this._current.options, options, ['only']);","","    const child = {","        title,","        parent: this._current,","        experiments: [],","        tests: [],","        options: settings","    };","","    this._current.experiments.push(child);","    this._current = child;","","    this._titles.push(title);","    this._path = this._titles.concat();                      // Clone","","    if (settings.only) {","        this.setOnly(child, null, this._path);","    }","","    fn.call(null);","","    this._titles.pop();","    this._path = this._titles.concat();                      // Clone","","    this._current = child.parent;","};","","","internals.before = function (/* options, */ fn) {","","    const options = arguments.length === 2 ? arguments[0] : {};","    fn = arguments.length === 2 ? arguments[1] : fn;","","    Hoek.assert(fn, `before in \"${this._current.title}\" requires a function argument`);","","    const before = {","        title: 'Before ' + this._titles.join(' '),","        fn,","        options","    };","","    this._current.befores = this._current.befores || [];","    this._current.befores.push(before);","};","","","internals.after = function (/* options, */ fn) {","","    const options = arguments.length === 2 ? arguments[0] : {};","    fn = arguments.length === 2 ? arguments[1] : fn;","","    Hoek.assert(fn, `after in \"${this._current.title}\" requires a function argument`);","","    const after = {","        title: 'After ' + this._titles.join(' '),","        fn,","        options","    };","","    this._current.afters = this._current.afters || [];","    this._current.afters.push(after);","};","","","internals.beforeEach = function (/* options, */ fn) {","","    const options = arguments.length === 2 ? arguments[0] : {};","    fn = arguments.length === 2 ? arguments[1] : fn;","","    Hoek.assert(fn, `beforeEach in \"${this._current.title}\" requires a function argument`);","","    const beforeEach = {","        title: 'Before each ' + this._titles.join(' '),","        fn,","        options","    };","","    this._current.beforeEaches = this._current.beforeEaches || [];","    this._current.beforeEaches.push(beforeEach);","};","","","internals.afterEach = function (/* options, */ fn) {","","    const options = arguments.length === 2 ? arguments[0] : {};","    fn = arguments.length === 2 ? arguments[1] : fn;","","    Hoek.assert(fn, `afterEach in \"${this._current.title}\" requires a function argument`);","","    const afterEach = {","        title: 'After each ' + this._titles.join(' '),","        fn,","        options","    };","","    this._current.afterEaches = this._current.afterEaches || [];","    this._current.afterEaches.push(afterEach);","};","","","internals.test = function (title /*, options, fn */) {","","    const options = arguments.length === 3 ? arguments[1] : {};","    const fn = arguments.length === 3 ? arguments[2] : arguments[1];","","    const settings = Utils.mergeOptions(this._current.options, options, ['only']);","","    const test = {","        path: this._path,","        title: this._titles.concat(title).join(' '),","        relativeTitle: title,","        fn,","        options: settings","    };","","    if (settings.only) {","        this.setOnly(this._current, test, this._path);","    }","","    this._current.tests.push(test);","};","","","internals.skip = function (script, type) {","","    return function (title /*, options, fn */) {","","        const options = arguments.length === 3 ? arguments[1] : {};","        const fn = arguments.length === 3 ? arguments[2] : arguments[1];","","        script[type](title, Utils.mergeOptions({ skip: true }, options), fn);","    };","};","","","internals.only = function (script, type) {","","    return function (title /*, options, fn */) {","","        const options = arguments.length === 3 ? arguments[1] : {};","        const fn = arguments.length === 3 ? arguments[2] : arguments[1];","","        script[type](title, Utils.mergeOptions({ only: true }, options), fn);","    };","};",""],"l":{"5":1,"6":1,"7":1,"8":1,"9":1,"14":1,"19":1,"20":1,"21":1,"22":1,"23":1,"43":1,"45":0,"47":0,"49":0,"64":0,"68":0,"70":0,"71":0,"72":0,"73":0,"74":0,"76":0,"77":0,"78":0,"79":0,"81":0,"82":0,"83":0,"84":0,"86":0,"87":0,"89":0,"90":0,"95":0,"99":1,"101":0,"102":0,"104":0,"106":0,"114":0,"115":0,"117":0,"118":0,"120":0,"121":0,"124":0,"126":0,"127":0,"129":0,"133":1,"135":0,"136":0,"138":0,"140":0,"146":0,"147":0,"151":1,"153":0,"154":0,"156":0,"158":0,"164":0,"165":0,"169":1,"171":0,"172":0,"174":0,"176":0,"182":0,"183":0,"187":1,"189":0,"190":0,"192":0,"194":0,"200":0,"201":0,"205":1,"207":0,"208":0,"210":0,"212":0,"220":0,"221":0,"224":0,"228":1,"230":0,"232":0,"233":0,"235":0,"240":1,"242":0,"244":0,"245":0,"247":0}},"/home/travis/build/npmtest/node-npmtest-lab/node_modules/lab/lib/coverage.js":{"path":"/home/travis/build/npmtest/node-npmtest-lab/node_modules/lab/lib/coverage.js","s":{"1":1,"2":1,"3":1,"4":1,"5":1,"6":1,"7":1,"8":1,"9":0,"10":0,"11":0,"12":0,"13":0,"14":0,"15":1,"16":0,"17":0,"18":1,"19":0,"20":0,"21":0,"22":0,"23":0,"24":0,"25":1,"26":0,"27":1,"28":0,"29":0,"30":0,"31":0,"32":0,"33":0,"34":0,"35":0,"36":0,"37":0,"38":0,"39":0,"40":0,"41":0,"42":0,"43":0,"44":0,"45":0,"46":0,"47":0,"48":0,"49":0,"50":0,"51":0,"52":0,"53":0,"54":0,"55":0,"56":0,"57":0,"58":0,"59":0,"60":0,"61":0,"62":0,"63":0,"64":0,"65":0,"66":0,"67":0,"68":0,"69":0,"70":0,"71":0,"72":0,"73":0,"74":0,"75":0,"76":0,"77":0,"78":0,"79":0,"80":0,"81":0,"82":0,"83":0,"84":0,"85":0,"86":0,"87":0,"88":0,"89":0,"90":0,"91":0,"92":0,"93":0,"94":0,"95":0,"96":0,"97":0,"98":0,"99":0,"100":0,"101":0,"102":0,"103":0,"104":0,"105":0,"106":0,"107":0,"108":0,"109":0,"110":0,"111":0,"112":0,"113":0,"114":0,"115":0,"116":0,"117":0,"118":0,"119":0,"120":0,"121":0,"122":0,"123":0,"124":0,"125":0,"126":0,"127":0,"128":0,"129":0,"130":0,"131":0,"132":0,"133":0,"134":0,"135":0,"136":0,"137":0,"138":0,"139":0,"140":0,"141":0,"142":0,"143":0,"144":0,"145":0,"146":0,"147":0,"148":0,"149":0,"150":1,"151":0,"152":0,"153":0,"154":0,"155":0,"156":0,"157":0,"158":0,"159":0,"160":0,"161":0,"162":0,"163":0,"164":0,"165":0,"166":0,"167":0,"168":0,"169":0,"170":0,"171":0,"172":0,"173":0,"174":0,"175":0,"176":0,"177":0,"178":0,"179":0,"180":0,"181":1,"182":0,"183":0,"184":0,"185":0,"186":0,"187":0,"188":0,"189":0,"190":0,"191":0,"192":0,"193":0,"194":0,"195":1,"196":0,"197":0,"198":0,"199":0,"200":0,"201":0,"202":0,"203":0,"204":0,"205":0,"206":0,"207":0,"208":0,"209":0,"210":0,"211":0,"212":0,"213":0,"214":0,"215":0,"216":0,"217":0,"218":0,"219":0,"220":0,"221":0,"222":0,"223":0,"224":0,"225":0,"226":0,"227":0,"228":0,"229":0,"230":0,"231":0,"232":0,"233":0,"234":0,"235":0,"236":0,"237":0,"238":0,"239":0,"240":0,"241":0,"242":0,"243":0},"b":{"1":[0,0],"2":[0,0],"3":[0,0],"4":[0,0],"5":[0,0],"6":[0,0],"7":[0,0,0],"8":[0,0],"9":[0,0],"10":[0,0],"11":[0,0],"12":[0,0],"13":[0,0],"14":[0,0],"15":[0,0],"16":[0,0],"17":[0,0],"18":[0,0],"19":[0,0],"20":[0,0],"21":[0,0],"22":[0,0,0,0],"23":[0,0],"24":[0,0,0,0,0,0],"25":[0,0],"26":[0,0],"27":[0,0],"28":[0,0,0],"29":[0,0],"30":[0,0,0],"31":[0,0],"32":[0,0],"33":[0,0],"34":[0,0],"35":[0,0],"36":[0,0],"37":[0,0],"38":[0,0],"39":[0,0,0],"40":[0,0],"41":[0,0],"42":[0,0,0],"43":[0,0],"44":[0,0],"45":[0,0],"46":[0,0],"47":[0,0],"48":[0,0],"49":[0,0],"50":[0,0],"51":[0,0],"52":[0,0],"53":[0,0],"54":[0,0],"55":[0,0],"56":[0,0],"57":[0,0],"58":[0,0],"59":[0,0],"60":[0,0],"61":[0,0],"62":[0,0],"63":[0,0],"64":[0,0],"65":[0,0],"66":[0,0],"67":[0,0],"68":[0,0],"69":[0,0],"70":[0,0],"71":[0,0],"72":[0,0],"73":[0,0]},"f":{"1":0,"2":0,"3":0,"4":0,"5":0,"6":0,"7":0,"8":0,"9":0,"10":0,"11":0,"12":0,"13":0,"14":0,"15":0,"16":0},"fnMap":{"1":{"name":"(anonymous_1)","line":26,"loc":{"start":{"line":26,"column":18},"end":{"line":26,"column":39}}},"2":{"name":"(anonymous_2)","line":28,"loc":{"start":{"line":28,"column":36},"end":{"line":28,"column":69}}},"3":{"name":"(anonymous_3)","line":42,"loc":{"start":{"line":42,"column":21},"end":{"line":42,"column":40}}},"4":{"name":"(anonymous_4)","line":50,"loc":{"start":{"line":50,"column":20},"end":{"line":50,"column":39}}},"5":{"name":"(anonymous_5)","line":60,"loc":{"start":{"line":60,"column":19},"end":{"line":60,"column":37}}},"6":{"name":"(anonymous_6)","line":66,"loc":{"start":{"line":66,"column":23},"end":{"line":66,"column":43}}},"7":{"name":"(anonymous_7)","line":81,"loc":{"start":{"line":81,"column":25},"end":{"line":81,"column":53}}},"8":{"name":"(anonymous_8)","line":93,"loc":{"start":{"line":93,"column":23},"end":{"line":93,"column":45}}},"9":{"name":"(anonymous_9)","line":101,"loc":{"start":{"line":101,"column":21},"end":{"line":101,"column":45}}},"10":{"name":"(anonymous_10)","line":108,"loc":{"start":{"line":108,"column":22},"end":{"line":108,"column":34}}},"11":{"name":"(anonymous_11)","line":113,"loc":{"start":{"line":113,"column":19},"end":{"line":113,"column":32}}},"12":{"name":"(anonymous_12)","line":295,"loc":{"start":{"line":295,"column":19},"end":{"line":295,"column":41}}},"13":{"name":"(anonymous_13)","line":300,"loc":{"start":{"line":300,"column":24},"end":{"line":300,"column":58}}},"14":{"name":"(anonymous_14)","line":362,"loc":{"start":{"line":362,"column":18},"end":{"line":362,"column":37}}},"15":{"name":"(anonymous_15)","line":431,"loc":{"start":{"line":431,"column":37},"end":{"line":431,"column":62}}},"16":{"name":"(anonymous_16)","line":462,"loc":{"start":{"line":462,"column":17},"end":{"line":462,"column":52}}}},"statementMap":{"1":{"start":{"line":10,"column":0},"end":{"line":10,"column":25}},"2":{"start":{"line":11,"column":0},"end":{"line":11,"column":29}},"3":{"start":{"line":12,"column":0},"end":{"line":12,"column":33}},"4":{"start":{"line":13,"column":0},"end":{"line":13,"column":66}},"5":{"start":{"line":14,"column":0},"end":{"line":14,"column":55}},"6":{"start":{"line":15,"column":0},"end":{"line":15,"column":41}},"7":{"start":{"line":20,"column":0},"end":{"line":23,"column":2}},"8":{"start":{"line":26,"column":0},"end":{"line":39,"column":2}},"9":{"start":{"line":28,"column":4},"end":{"line":38,"column":6}},"10":{"start":{"line":30,"column":8},"end":{"line":34,"column":9}},"11":{"start":{"line":31,"column":12},"end":{"line":33,"column":13}},"12":{"start":{"line":32,"column":16},"end":{"line":32,"column":86}},"13":{"start":{"line":36,"column":8},"end":{"line":36,"column":54}},"14":{"start":{"line":37,"column":8},"end":{"line":37,"column":82}},"15":{"start":{"line":42,"column":0},"end":{"line":47,"column":2}},"16":{"start":{"line":44,"column":4},"end":{"line":44,"column":59}},"17":{"start":{"line":46,"column":4},"end":{"line":46,"column":48}},"18":{"start":{"line":50,"column":0},"end":{"line":57,"column":2}},"19":{"start":{"line":52,"column":4},"end":{"line":52,"column":62}},"20":{"start":{"line":53,"column":4},"end":{"line":53,"column":107}},"21":{"start":{"line":54,"column":4},"end":{"line":54,"column":90}},"22":{"start":{"line":54,"column":52},"end":{"line":54,"column":67}},"23":{"start":{"line":55,"column":4},"end":{"line":55,"column":119}},"24":{"start":{"line":56,"column":4},"end":{"line":56,"column":29}},"25":{"start":{"line":60,"column":0},"end":{"line":63,"column":2}},"26":{"start":{"line":62,"column":4},"end":{"line":62,"column":101}},"27":{"start":{"line":66,"column":0},"end":{"line":359,"column":2}},"28":{"start":{"line":68,"column":4},"end":{"line":68,"column":44}},"29":{"start":{"line":70,"column":4},"end":{"line":70,"column":51}},"30":{"start":{"line":71,"column":4},"end":{"line":71,"column":46}},"31":{"start":{"line":72,"column":4},"end":{"line":72,"column":53}},"32":{"start":{"line":74,"column":4},"end":{"line":74,"column":24}},"33":{"start":{"line":75,"column":4},"end":{"line":75,"column":26}},"34":{"start":{"line":76,"column":4},"end":{"line":76,"column":37}},"35":{"start":{"line":77,"column":4},"end":{"line":77,"column":16}},"36":{"start":{"line":78,"column":4},"end":{"line":78,"column":22}},"37":{"start":{"line":79,"column":4},"end":{"line":79,"column":27}},"38":{"start":{"line":81,"column":4},"end":{"line":91,"column":6}},"39":{"start":{"line":83,"column":8},"end":{"line":83,"column":25}},"40":{"start":{"line":84,"column":8},"end":{"line":89,"column":11}},"41":{"start":{"line":90,"column":8},"end":{"line":90,"column":18}},"42":{"start":{"line":93,"column":4},"end":{"line":99,"column":6}},"43":{"start":{"line":95,"column":8},"end":{"line":97,"column":9}},"44":{"start":{"line":96,"column":12},"end":{"line":96,"column":35}},"45":{"start":{"line":98,"column":8},"end":{"line":98,"column":42}},"46":{"start":{"line":101,"column":4},"end":{"line":246,"column":6}},"47":{"start":{"line":103,"column":8},"end":{"line":103,"column":41}},"48":{"start":{"line":106,"column":8},"end":{"line":106,"column":29}},"49":{"start":{"line":108,"column":8},"end":{"line":111,"column":10}},"50":{"start":{"line":110,"column":12},"end":{"line":110,"column":71}},"51":{"start":{"line":113,"column":8},"end":{"line":119,"column":10}},"52":{"start":{"line":115,"column":12},"end":{"line":115,"column":38}},"53":{"start":{"line":116,"column":12},"end":{"line":118,"column":13}},"54":{"start":{"line":117,"column":16},"end":{"line":117,"column":31}},"55":{"start":{"line":122,"column":8},"end":{"line":122,"column":31}},"56":{"start":{"line":123,"column":8},"end":{"line":123,"column":38}},"57":{"start":{"line":124,"column":8},"end":{"line":126,"column":9}},"58":{"start":{"line":125,"column":12},"end":{"line":125,"column":34}},"59":{"start":{"line":130,"col
[...]
     'coverage-exclude': {","            type: 'string',","            description: 'set code coverage excludes',","            multiple: true,","            default: null","        },","        debug: {","            alias: 'D',","            type: 'boolean',","            description: 'print the stack during a domain error event',","            default: null","        },","        dry: {","            alias: 'd',","            type: 'boolean',","            description: 'skip all tests (dry run)',","            default: null","        },","        environment: {","            alias: 'e',","            type: 'string',","            description: 'value to set NODE_ENV before tests',","            default: null","        },","        flat: {","            alias: 'f',","            type: 'boolean',","            description: 'prevent recursive collection of tests within the provided path',","            default: null","        },","        globals: {","            alias: ['I', 'ignore'],","            type: 'string',","            description: 'ignore a list of globals for the leak detection (comma separated)',","            default: null","        },","        grep: {","            alias: 'g',","            type: 'string',","            description: 'only run tests matching the given pattern which is internally compiled to a RegExp',","            default: null","        },","        help: {","            alias: 'h',","            type: 'boolean',","            description: 'display usage options',","            default: null","        },","        id: {","            alias: 'i',","            type: 'range',","            description: 'test identifier',","            default: null","        },","        inspect: {","            type: 'boolean',","            description: 'starts lab with the node.js native debugger',","            default: null","        },","        leaks: {","            alias: 'l',","            type: 'boolean',","            description: 'disable global variable leaks detection',","            default: null","        },","        lint: {","            alias: 'L',","            type: 'boolean',","            description: 'enable linting',","            default: null","        },","        linter: {","            alias: 'n',","            type: 'string',","            description: 'linter path to use',","            default: null","        },","        'lint-fix': {","            type: 'boolean',","            description: 'apply any fixes from the linter.',","            default: null","        },","        'lint-options': {","            type: 'string',","            description: 'specify options to pass to linting program. It must be a string that is JSON.parse(able).',","            default: null","        },","        'lint-errors-threshold': {","            type: 'number',","            description: 'linter errors threshold in absolute value',","            default: null","        },","        'lint-warnings-threshold': {","            type: 'number',","            description: 'linter warnings threshold in absolute value',","            default: null","        },","        output: {","            alias: 'o',","            type: 'string',","            description: 'file path to write test results',","            multiple: true,","            default: null","        },","        parallel: {","            alias: 'p',","            type: 'boolean',","            description: 'parallel test execution within each experiment',","            default: null","        },","        pattern: {","            alias: 'P',","            type: 'string',","            description: 'file pattern to use for locating tests',","            default: null","        },","        rejections: {","            alias: 'R',","            type: 'boolean',","            description: 'fail test on unhandled Promise rejections',","            default: null","        },","        reporter: {","            alias: 'r',","            type: 'string',","            description: 'reporter type [console, html, json, tap, lcov, clover, junit]',","            multiple: true,","            default: null","        },","        seed: {","            type: 'string',","            description: 'use this seed to randomize the order with `--shuffle`. This is useful to debug order dependent test failures',","            default: null","        },","        shuffle: {","            type: 'boolean',","            description: 'shuffle script execution order',","            default: null","        },","        silence: {","            alias: 's',","            type: 'boolean',","            description: 'silence test output',","            default: null","        },","        'silent-skips': {","            alias: 'k',","            type: 'boolean',","            description: 'don’t output skipped tests',","            default: null","        },","        sourcemaps: {","            alias: ['S', 'sourcemaps'],","            type: 'boolean',","            description: 'enable support for sourcemaps',","            default: null","        },","        threshold: {","            alias: 't',","            type: 'number',","            description: 'code coverage threshold percentage',","            default: null","        },","        timeout: {","            alias: 'm',","            type: 'number',","            description: 'timeout for each test in milliseconds',","            default: null","        },","        transform: {","            alias: ['T', 'transform'],","            type: 'string',","            description: 'javascript file that exports an array of objects ie. [ { ext: \".js\", transform: function (content, filename) { ... } } ]',","            default: null","        },","        verbose: {","            alias: 'v',","            type: 'boolean',","            description: 'verbose test output',","            default: null","        },","        version: {","            alias: 'V',","            type: 'boolean',","            description: 'version information',","            default: null","        }","    };","","    const defaults = {","        bail: false,","        coverage: false,","        debug: false,","        dry: false,","        environment: 'test',","        flat: false,","        leaks: true,","        lint: false,","        linter: 'eslint',","        'lint-fix': false,","        'lint-errors-threshold': 0,","        'lint-warnings-threshold': 0,","        parallel: false,","        paths: ['test'],","        rejections: false,","        reporter: 'console',","        shuffle: false,","        silence: false,","        'silent-skips': false,","        sourcemaps: false,","        timeout: 2000,","        verbose: false","    };","","    const argv = Bossy.parse(definition);","","    if (argv instanceof Error) {","        console.error(Bossy.usage(definition, 'lab [options] [path]'));","        console.error('\\n' + argv.message);","        process.exit(1);","    }","","    if (argv.help) {","        console.log(Bossy.usage(definition, 'lab [options] [path]'));","        process.exit(0);","    }","","    if (argv.version) {","        console.log(Pkg.version);","        process.exit(0);","    }","","    const options = Utils.mergeOptions(defaults, internals.rc);","    options.paths = argv._ ? [].concat(argv._) : options.paths;","","    const keys = ['assert', 'bail', 'colors', 'context-timeout', 'coverage', 'coverage-exclude',","        'coverage-path', 'debug', 'dry', 'environment', 'flat', 'globals', 'grep',","        'lint', 'lint-errors-threshold', 'lint-fix', 'lint-options', 'lint-warnings-threshold',","        'linter', 'output', 'parallel', 'pattern', 'rejections', 'reporter', 'seed', 'shuffle', 'silence',","        'silent-skips', 'sourcemaps', 'threshold', 'timeout', 'transform', 'verbose'];","    for (let i = 0; i < keys.length; ++i) {","        if (argv.hasOwnProperty(keys[i]) && argv[keys[i]] !== undefined && argv[keys[i]] !== null) {","            options[keys[i]] = argv[keys[i]];","        }","    }","","    if (typeof argv.leaks === 'boolean') {","        options.leaks = !argv.leaks;","    }","","    if (argv.id) {","        options.ids = argv.id;","    }","","    if (Array.isArray(options.reporter) && options.output) {","        if (!Array.isArray(options.output) || options.output.length !== options.reporter.length) {","            console.error(Bossy.usage(definition, 'lab [options] [path]'));","            process.exit(1);","        }","    }","","    if (!options.output) {","        options.output = process.stdout;","    }","","    if (options.assert) {","        options.assert = require(options.assert);","        require('./').assertions = options.assert;","    }","","    if (options.globals) {","        options.globals = options.globals.trim().split(',');","    }","","    if (options.silence) {","        options.progress = 0;","    }","    else if (options.verbose) {","        options.progress = 2;","    }","","    options.pattern = options.pattern ? '.*' + options.pattern + '.*?' : '';","    if (options.transform) {","        const transform = require(Path.resolve(options.transform));","","        Hoek.assert(Array.isArray(transform) && transform.length > 0, 'transform module must export an array of objects {ext: \".js\", transform: null or function (content, filename)}');","        options.transform = transform;","","        const includes = 'js|' + transform.map(internals.mapTransform).join('|');","        const regex = options.pattern + '\\\\.(' + includes + ')$';","        options.pattern = new RegExp(regex);","    }","    else {","        options.pattern = new RegExp(options.pattern + '\\\\.(js)$');","    }","","    options.coverage = (options.coverage || options.threshold > 0 || options.reporter.indexOf('html') !== -1 || options.reporter.indexOf('lcov') !== -1 || options.reporter.indexOf('clover') !== -1);","","    return options;","};","","internals.mapTransform = function (transform) {","","    return transform.ext.substr(1).replace(/[\\^\\$\\.\\*\\+\\-\\?\\=\\!\\:\\|\\\\\\/\\(\\)\\[\\]\\{\\}\\,]/g, '\\\\$&');","};",""],"l":{"5":1,"6":1,"7":1,"8":1,"9":1,"10":1,"11":1,"12":1,"13":1,"14":1,"20":1,"22":1,"23":1,"26":1,"28":0,"30":0,"31":0,"32":0,"33":0,"36":0,"38":0,"39":0,"41":0,"42":0,"45":0,"46":0,"49":0,"50":0,"52":0,"53":0,"58":0,"61":0,"62":0,"66":1,"68":0,"70":0,"72":0,"73":0,"74":0,"77":0,"79":0,"80":0,"81":0,"84":0,"85":0,"88":0,"92":0,"96":0,"99":0,"100":0,"102":0,"105":0,"106":0,"107":0,"110":0,"112":0,"115":0,"116":0,"118":0,"119":0,"120":0,"121":0,"124":0,"126":0,"127":0,"130":0,"131":0,"132":0,"136":0,"140":1,"142":0,"366":0,"391":0,"393":0,"394":0,"395":0,"396":0,"399":0,"400":0,"401":0,"404":0,"405":0,"406":0,"409":0,"410":0,"412":0,"417":0,"418":0,"419":0,"423":0,"424":0,"427":0,"428":0,"431":0,"432":0,"433":0,"434":0,"438":0,"439":0,"442":0,"443":0,"444":0,"447":0,"448":0,"451":0,"452":0,"454":0,"455":0,"458":0,"459":0,"460":0,"462":0,"463":0,"465":0,"466":0,"467":0,"470":0,"473":0,"475":0,"478":1,"480":0}},"/home/travis/build/npmtest/node-npmtest-lab/node_modules/lab/lib/linter/.eslintrc.js":{"path":"/home/travis/build/npmtest/node-npmtest-lab/node_modules/lab/lib/linter/.eslintrc.js","s":{"1":1},"b":{},"f":{},"fnMap":{},"statementMap":{"1":{"start":{"line":3,"column":0},"end":{"line":5,"column":2}}},"branchMap":{},"code":["'use strict';","","module.exports = {","    'extends': 'eslint-config-hapi'","};",""],"l":{"3":1}},"/home/travis/build/npmtest/node-npmtest-lab/node_modules/lab/lib/reporters/multiple.js":{"path":"/home/travis/build/npmtest/node-npmtest-lab/node_modules/lab/lib/reporters/multiple.js","s":{"1":1,"2":1,"3":1,"4":1,"5":0,"6":0,"7":0,"8":0,"9":0,"10":0,"11":0,"12":0,"13":0,"14":0,"15":0,"16":0,"17":0,"18":0,"19":1,"20":0,"21":0,"22":1,"23":0,"24":0,"25":1,"26":0,"27":0,"28":1,"29":0,"30":0,"31":1,"32":0,"33":0,"34":0,"35":1,"36":0,"37":0,"38":0,"39":0,"40":0,"41":0,"42":0,"43":0,"44":0,"45":0},"b":{"1":[0,0],"2":[0,0],"3":[0,0],"4":[0,0],"5":[0,0],"6":[0,0]},"f":{"1":0,"2":0,"3":0,"4":0,"5":0,"6":0,"7":0},"fnMap":{"1":{"name":"(anonymous_1)","line":14,"loc":{"start":{"line":14,"column":48},"end":{"line":14,"column":67}}},"2":{"name":"(anonymous_2)","line":42,"loc":{"start":{"line":42,"column":37},"end":{"line":42,"column":57}}},"3":{"name":"(anonymous_3)","line":50,"loc":{"start":{"line":50,"column":36},"end":{"line":50,"column":52}}},"4":{"name":"(anonymous_4)","line":58,"loc":{"start":{"line":58,"column":35},"end":{"line":58,"column":55}}},"5":{"name":"(anonymous_5)","line":66,"loc":{"start":{"line":66,"column":38},"end":{"line":66,"column":54}}},"6":{"name":"(anonymous_6)","line":74,"loc":{"start":{"line":74,"column":40},"end":{"line":74,"column":70}}},"7":{"name":"(anonymous_7)","line":84,"loc":{"start":{"line":84,"column":46},"end":{"line":84,"column":71}}}},"statementMap":{"1":{"start":{"line":5,"column":0},"end":{"line":5,"column":29}},"2":{"start":{"line":6,"column":0},"end":{"line":6,"column":37}},"3":{"start":{"line":11,"column":0},"end":{"line":11,"column":21}},"4":{"start":{"line":14,"column":0},"end":{"line":39,"column":2}},"5":{"start":{"line":16,"column":4},"end":{"line":16,"column":25}},"6":{"start":{"line":18,"column":4},"end":{"line":37,"column":7}},"7":{"start":{"line":20,"column":8},"end":{"line":20,"column":52}},"8":{"start":{"line":21,"column":8},"end":{"line":21,"column":44}},"9":{"start":{"line":23,"column":8},"end":{"line":25,"column":9}},"10":{"start":{"line":24,"column":12},"end":{"line":24,"column":51}},"11":{"start":{"line":27,"column":8},"end":{"line":27,"column":73}},"12":{"start":{"line":29,"column":8},"end":{"line":29,"column":51}},"13":{"start":{"line":30,"column":8},"end":{"line":30,"column":30}},"14":{"start":{"line":31,"column":8},"end":{"line":34,"column":9}},"15":{"start":{"line":32,"column":12},"end":{"line":32,"column":67}},"16":{"start":{"line":33,"column":12},"end":{"line":33,"column":28}},"17":{"start":{"line":36,"column":8},"end":{"line":36,"column":75}},"18":{"start":{"line":38,"column":4},"end":{"line":38,"column":28}},"19":{"start":{"line":42,"column":0},"end":{"line":47,"column":2}},"20":{"start":{"line":44,"column":4},"end":{"line":46,"column":5}},"21":{"start":{"line":45,"column":8},"end":{"line":45,"column":45}},"22":{"start":{"line":50,"column":0},"end":{"line":55,"column":2}},"23":{"start":{"line":52,"column":4},"end":{"line":54,"column":5}},"24":{"start":{"line":53,"column":8},"end":{"line":53,"column":40}},"25":{"start":{"line":58,"column":0},"end":{"line":63,"column":2}},"26":{"start":{"line":60,"column":4},"end":{"line":62,"column":5}},"27":{"start":{"line":61,"column":8},"end":{"line":61,"column":43}},"28":{"start":{"line":66,"column":0},"end":{"line":71,"column":2}},"29":{"start":{"line":68,"column":4},"end":{"line":70,"column":5}},"30":{"start":{"line":69,"column":8},"end":{"line":69,"column":42}},"31":{"start":{"line":74,"column":0},"end":{"line":81,"column":2}},"32":{"start":{"line":76,"column":4},"end":{"line":76,"column":67}},"33":{"start":{"line":78,"column":4},"end":{"line":80,"column":5}},"34":{"start":{"line":79,"column":8},"end":{"line":79,"column":84}},"35":{"start":{"line":84,"column":0},"end":{"line":102,"column":2}},"36":{"start":{"line":86,"column":4},"end":{"line":101,"column":6}},"37":{"start":{"line":88,"column":8},"end":{"line":88,"column":30}},"38":{"start":{"line":89,"column":8},"end":{"line":89,"column":53}},"39":{"start":{"line":90,"column":8},"end":{"line":90,"column":39}},"40":{"start":{"line":91,"column":8},"end":{"line":91,"column":43}},"41":{"start":{"line":92,"column":8},"end":{"line":92,"column":70}},"42":{"start":{"line":94,"column":8},"end":{"line":100,"column":9}},"43":{"start":{"line":95,"column":12},"end":{"line":97,"column":13}},"44":{"start":{"line":96,"column":16},"end":{"line":96,"column":93}},"45":{"start":{"line":99,"column":12},"end":{"line":99,"column":52}}},"branchMap":{"1":{"line":23,"type":"if","locations":[{"start":{"line":23,"column":8},"end":{"line":23,"column":8}},{"start":{"line":23,"column":8},"end":{"line":23,"column":8}}]},"2":{"line":27,"type":"binary-expr","locations":[{"start":{"line":27,"column":33},"end":{"line":27,"column":54}},{"start":{"line":27,"column":58},"end":{"line":27,"column":72}}]},"3":{"line":89,"type":"binary-expr","locations":[{"start":{"line":89,"column":28},"end":{"line":89,"column":45}},{"start":{"line":89,"column":49},"end":{"line":89,"column":52}}]},"4":{"line":92,"type":"binary-expr","locations":[{"start":{"line":92,"column":36},"end":{"line":92,"column":61}},{"start":{"line":92,"column":65},"end":{"line":92,"column":69}}]},"5":{"line":94,"type":"if","locations":[{"start":{"line":94,"column":8},"end":{"line":94,"column":8}},{"start":{"line":94,"column":8},"end":{"line":94,"column":8}}]},"6":{"line":95,"type":"if","locations":[{"start":{"line":95,"column":12},"end":{"line":95,"column":12}},{"start":{"line":95,"column":12},"end":{"line":95,"column":12}}]}},"code":["'use strict';","","// Load modules","","const Hoek = require('hoek');","const Reporters = require('./index');","","","// Declare internals","","const internals = {};","","","exports = module.exports = internals.Reporter = function (options) {","","    this._reporters = [];","","    options.reporter.forEach((reporter, index) => {","","        const reporterOptions = Hoek.clone(options);","        reporterOptions.reporter = reporter;","","        if (options.output[index] === 'stdout') {","            options.output[index] = process.stdout;","        }","","        reporterOptions.output = options.output[index] || options.output;","","        let reporterKey = reporterOptions.reporter;","        let reporterIndex = 2;","        while (this._reporters.hasOwnProperty(reporterKey)) {","            reporterKey = reporterOptions.reporter + reporterIndex;","            reporterIndex++;","        }","","        this._reporters[reporterKey] = Reporters.generate(reporterOptions);","    });","    this.settings = options;","};","","","internals.Reporter.prototype.start = function (notebook) {","","    for (const key in this._reporters) {","        this._reporters[key].start(notebook);","    }","};","","","internals.Reporter.prototype.test = function (test) {","","    for (const key in this._reporters) {","        this._reporters[key].test(test);","    }","};","","","internals.Reporter.prototype.end = function (notebook) {","","    for (const key in this._reporters) {","        this._reporters[key].end(notebook);","    }","};","","","internals.Reporter.prototype.report = function (text) {","","    for (const key in this._reporters) {","        this._reporters[key].report(text);","    }","};","","","internals.Reporter.prototype.finalize = function (notebook, callback) {","","    this._results = { err: false, code: [], output: [], count: 0 };","","    for (const key in this._reporters) {","        this._reporters[key].finalize(notebook, this.finalizeSingle(key, callback));","    }","};","","","internals.Reporter.prototype.finalizeSingle = function (key, callback) {","","    return (err, code, output) => {","","        this._results.count++;","        this._results.err = this._results.err || err;","        this._results.code[key] = code;","        this._results.output[key] = output;","        this._results.processCode = this._results.processCode || code;","","        if (this._results.count === Object.keys(this._reporters).length) {","            if (callback) {","                return callback(this._results.err, this._results.code, this._results.output);","            }","","            process.exit(this._results.processCode);","        }","    };","};",""],"l":{"5":1,"6":1,"11":1,"14":1,"16":0,"18":0,"20":0,"21":0,"23":0,"24":0,"27":0,"29":0,"30":0,"31":0,"32":0,"33":0,"36":0,"38":0,"42":1,"44":0,"45":0,"50":1,"52":0,"53":0,"58":1,"60":0,"61":0,"66":1,"68":0,"69":0,"74":1,"76":0,"78":0,"79":0,"84":1,"86":0,"88":0,"89":0,"90":0,"91":0,"92":0,"94":0,"95":0,"96":0,"99":0}}}